<?xml version="1.0" encoding="UTF-8"?>
<testsuite name="com.shoppingmall.project_shoppingmall.repository.ItemRepositoryTest" tests="8" skipped="0" failures="0" errors="0" timestamp="2023-08-20T04:47:58" hostname="K-PC" time="1.592">
  <properties/>
  <testcase name="가격 내림차순 조회 테스트" classname="com.shoppingmall.project_shoppingmall.repository.ItemRepositoryTest" time="0.337"/>
  <testcase name="Querydsl 조회 테스트1" classname="com.shoppingmall.project_shoppingmall.repository.ItemRepositoryTest" time="0.306"/>
  <testcase name="상품명, 상품상세설명 or 테스트" classname="com.shoppingmall.project_shoppingmall.repository.ItemRepositoryTest" time="0.093"/>
  <testcase name="가격 LessThan 테스트" classname="com.shoppingmall.project_shoppingmall.repository.ItemRepositoryTest" time="0.303"/>
  <testcase name="상품명 조회 테스트" classname="com.shoppingmall.project_shoppingmall.repository.ItemRepositoryTest" time="0.079"/>
  <testcase name="@Query를 이용한 상품 조회 테스트" classname="com.shoppingmall.project_shoppingmall.repository.ItemRepositoryTest" time="0.231"/>
  <testcase name="상품 저장 테스트" classname="com.shoppingmall.project_shoppingmall.repository.ItemRepositoryTest" time="0.013"/>
  <testcase name="상품 Querydsl 조회 테스트 2" classname="com.shoppingmall.project_shoppingmall.repository.ItemRepositoryTest" time="0.205"/>
  <system-out><![CDATA[2023-08-20 13:47:58.937  INFO 35396 --- [    Test worker] .b.t.c.SpringBootTestContextBootstrapper : Neither @ContextConfiguration nor @ContextHierarchy found for test class [com.shoppingmall.project_shoppingmall.repository.ItemRepositoryTest], using SpringBootContextLoader
2023-08-20 13:47:58.938  INFO 35396 --- [    Test worker] o.s.t.c.support.AbstractContextLoader    : Could not detect default resource locations for test class [com.shoppingmall.project_shoppingmall.repository.ItemRepositoryTest]: no resource found for suffixes {-context.xml, Context.groovy}.
2023-08-20 13:47:58.939  INFO 35396 --- [    Test worker] t.c.s.AnnotationConfigContextLoaderUtils : Could not detect default configuration classes for test class [com.shoppingmall.project_shoppingmall.repository.ItemRepositoryTest]: ItemRepositoryTest does not declare any static, non-private, non-final, nested classes annotated with @Configuration.
2023-08-20 13:47:58.950  INFO 35396 --- [    Test worker] .b.t.c.SpringBootTestContextBootstrapper : Found @SpringBootConfiguration com.shoppingmall.project_shoppingmall.ProjectShoppingmallApplication for test class com.shoppingmall.project_shoppingmall.repository.ItemRepositoryTest
2023-08-20 13:47:58.954  INFO 35396 --- [    Test worker] .b.t.c.SpringBootTestContextBootstrapper : Loaded default TestExecutionListener class names from location [META-INF/spring.factories]: [org.springframework.security.test.context.support.WithSecurityContextTestExecutionListener, org.springframework.security.test.context.support.ReactorContextTestExecutionListener, org.springframework.boot.test.autoconfigure.restdocs.RestDocsTestExecutionListener, org.springframework.boot.test.autoconfigure.web.client.MockRestServiceServerResetTestExecutionListener, org.springframework.boot.test.autoconfigure.web.servlet.MockMvcPrintOnlyOnFailureTestExecutionListener, org.springframework.boot.test.autoconfigure.web.servlet.WebDriverTestExecutionListener, org.springframework.boot.test.autoconfigure.webservices.client.MockWebServiceServerTestExecutionListener, org.springframework.boot.test.mock.mockito.MockitoTestExecutionListener, org.springframework.boot.test.mock.mockito.ResetMocksTestExecutionListener, org.springframework.test.context.web.ServletTestExecutionListener, org.springframework.test.context.support.DirtiesContextBeforeModesTestExecutionListener, org.springframework.test.context.event.ApplicationEventsTestExecutionListener, org.springframework.test.context.support.DependencyInjectionTestExecutionListener, org.springframework.test.context.support.DirtiesContextTestExecutionListener, org.springframework.test.context.transaction.TransactionalTestExecutionListener, org.springframework.test.context.jdbc.SqlScriptsTestExecutionListener, org.springframework.test.context.event.EventPublishingTestExecutionListener]
2023-08-20 13:47:58.956  INFO 35396 --- [    Test worker] .b.t.c.SpringBootTestContextBootstrapper : Using TestExecutionListeners: [org.springframework.test.context.web.ServletTestExecutionListener@6fb514db, org.springframework.test.context.support.DirtiesContextBeforeModesTestExecutionListener@267a0b6a, org.springframework.test.context.event.ApplicationEventsTestExecutionListener@42c3b02e, org.springframework.boot.test.mock.mockito.MockitoTestExecutionListener@51039ec9, org.springframework.boot.test.autoconfigure.SpringBootDependencyInjectionTestExecutionListener@16575bfe, org.springframework.test.context.support.DirtiesContextTestExecutionListener@60003305, org.springframework.test.context.transaction.TransactionalTestExecutionListener@3f1dadeb, org.springframework.test.context.jdbc.SqlScriptsTestExecutionListener@72259917, org.springframework.security.test.context.support.WithSecurityContextTestExecutionListener@5e81b406, org.springframework.test.context.event.EventPublishingTestExecutionListener@3ff83cc8, org.springframework.security.test.context.support.ReactorContextTestExecutionListener@6dd8ac29, org.springframework.boot.test.autoconfigure.restdocs.RestDocsTestExecutionListener@336b7da4, org.springframework.boot.test.autoconfigure.web.client.MockRestServiceServerResetTestExecutionListener@6019ce4b, org.springframework.boot.test.autoconfigure.web.servlet.MockMvcPrintOnlyOnFailureTestExecutionListener@1e79b0fc, org.springframework.boot.test.autoconfigure.web.servlet.WebDriverTestExecutionListener@36e8fefe, org.springframework.boot.test.autoconfigure.webservices.client.MockWebServiceServerTestExecutionListener@5e8633da, org.springframework.boot.test.mock.mockito.ResetMocksTestExecutionListener@70c3c5d7]
Hibernate: 
    call next value for hibernate_sequence
Hibernate: 
    insert 
    into
        item
        (item_detail, item_nm, item_sell_status, price, reg_time, stock_number, update_time, item_id) 
    values
        (?, ?, ?, ?, ?, ?, ?, ?)
2023-08-20 13:47:59.106 TRACE 35396 --- [    Test worker] o.h.type.descriptor.sql.BasicBinder      : binding parameter [1] as [CLOB] - [테스트 상품 상세 설명1]
2023-08-20 13:47:59.110 TRACE 35396 --- [    Test worker] o.h.type.descriptor.sql.BasicBinder      : binding parameter [2] as [VARCHAR] - [테스트 상품1]
2023-08-20 13:47:59.110 TRACE 35396 --- [    Test worker] o.h.type.descriptor.sql.BasicBinder      : binding parameter [3] as [VARCHAR] - [SELL]
2023-08-20 13:47:59.111 TRACE 35396 --- [    Test worker] o.h.type.descriptor.sql.BasicBinder      : binding parameter [4] as [INTEGER] - [10001]
2023-08-20 13:47:59.113 TRACE 35396 --- [    Test worker] o.h.type.descriptor.sql.BasicBinder      : binding parameter [5] as [TIMESTAMP] - [2023-08-20T13:47:58.981732200]
2023-08-20 13:47:59.120 TRACE 35396 --- [    Test worker] o.h.type.descriptor.sql.BasicBinder      : binding parameter [6] as [INTEGER] - [100]
2023-08-20 13:47:59.121 TRACE 35396 --- [    Test worker] o.h.type.descriptor.sql.BasicBinder      : binding parameter [7] as [TIMESTAMP] - [2023-08-20T13:47:58.981732200]
2023-08-20 13:47:59.123 TRACE 35396 --- [    Test worker] o.h.type.descriptor.sql.BasicBinder      : binding parameter [8] as [BIGINT] - [1]
Hibernate: 
    call next value for hibernate_sequence
Hibernate: 
    insert 
    into
        item
        (item_detail, item_nm, item_sell_status, price, reg_time, stock_number, update_time, item_id) 
    values
        (?, ?, ?, ?, ?, ?, ?, ?)
2023-08-20 13:47:59.132 TRACE 35396 --- [    Test worker] o.h.type.descriptor.sql.BasicBinder      : binding parameter [1] as [CLOB] - [테스트 상품 상세 설명2]
2023-08-20 13:47:59.133 TRACE 35396 --- [    Test worker] o.h.type.descriptor.sql.BasicBinder      : binding parameter [2] as [VARCHAR] - [테스트 상품2]
2023-08-20 13:47:59.134 TRACE 35396 --- [    Test worker] o.h.type.descriptor.sql.BasicBinder      : binding parameter [3] as [VARCHAR] - [SELL]
2023-08-20 13:47:59.134 TRACE 35396 --- [    Test worker] o.h.type.descriptor.sql.BasicBinder      : binding parameter [4] as [INTEGER] - [10002]
2023-08-20 13:47:59.134 TRACE 35396 --- [    Test worker] o.h.type.descriptor.sql.BasicBinder      : binding parameter [5] as [TIMESTAMP] - [2023-08-20T13:47:59.128340200]
2023-08-20 13:47:59.135 TRACE 35396 --- [    Test worker] o.h.type.descriptor.sql.BasicBinder      : binding parameter [6] as [INTEGER] - [100]
2023-08-20 13:47:59.136 TRACE 35396 --- [    Test worker] o.h.type.descriptor.sql.BasicBinder      : binding parameter [7] as [TIMESTAMP] - [2023-08-20T13:47:59.128340200]
2023-08-20 13:47:59.137 TRACE 35396 --- [    Test worker] o.h.type.descriptor.sql.BasicBinder      : binding parameter [8] as [BIGINT] - [2]
Hibernate: 
    call next value for hibernate_sequence
Hibernate: 
    insert 
    into
        item
        (item_detail, item_nm, item_sell_status, price, reg_time, stock_number, update_time, item_id) 
    values
        (?, ?, ?, ?, ?, ?, ?, ?)
2023-08-20 13:47:59.144 TRACE 35396 --- [    Test worker] o.h.type.descriptor.sql.BasicBinder      : binding parameter [1] as [CLOB] - [테스트 상품 상세 설명3]
2023-08-20 13:47:59.145 TRACE 35396 --- [    Test worker] o.h.type.descriptor.sql.BasicBinder      : binding parameter [2] as [VARCHAR] - [테스트 상품3]
2023-08-20 13:47:59.146 TRACE 35396 --- [    Test worker] o.h.type.descriptor.sql.BasicBinder      : binding parameter [3] as [VARCHAR] - [SELL]
2023-08-20 13:47:59.146 TRACE 35396 --- [    Test worker] o.h.type.descriptor.sql.BasicBinder      : binding parameter [4] as [INTEGER] - [10003]
2023-08-20 13:47:59.147 TRACE 35396 --- [    Test worker] o.h.type.descriptor.sql.BasicBinder      : binding parameter [5] as [TIMESTAMP] - [2023-08-20T13:47:59.138313500]
2023-08-20 13:47:59.147 TRACE 35396 --- [    Test worker] o.h.type.descriptor.sql.BasicBinder      : binding parameter [6] as [INTEGER] - [100]
2023-08-20 13:47:59.148 TRACE 35396 --- [    Test worker] o.h.type.descriptor.sql.BasicBinder      : binding parameter [7] as [TIMESTAMP] - [2023-08-20T13:47:59.138313500]
2023-08-20 13:47:59.149 TRACE 35396 --- [    Test worker] o.h.type.descriptor.sql.BasicBinder      : binding parameter [8] as [BIGINT] - [3]
Hibernate: 
    call next value for hibernate_sequence
Hibernate: 
    insert 
    into
        item
        (item_detail, item_nm, item_sell_status, price, reg_time, stock_number, update_time, item_id) 
    values
        (?, ?, ?, ?, ?, ?, ?, ?)
2023-08-20 13:47:59.157 TRACE 35396 --- [    Test worker] o.h.type.descriptor.sql.BasicBinder      : binding parameter [1] as [CLOB] - [테스트 상품 상세 설명4]
2023-08-20 13:47:59.157 TRACE 35396 --- [    Test worker] o.h.type.descriptor.sql.BasicBinder      : binding parameter [2] as [VARCHAR] - [테스트 상품4]
2023-08-20 13:47:59.158 TRACE 35396 --- [    Test worker] o.h.type.descriptor.sql.BasicBinder      : binding parameter [3] as [VARCHAR] - [SELL]
2023-08-20 13:47:59.159 TRACE 35396 --- [    Test worker] o.h.type.descriptor.sql.BasicBinder      : binding parameter [4] as [INTEGER] - [10004]
2023-08-20 13:47:59.159 TRACE 35396 --- [    Test worker] o.h.type.descriptor.sql.BasicBinder      : binding parameter [5] as [TIMESTAMP] - [2023-08-20T13:47:59.150282]
2023-08-20 13:47:59.160 TRACE 35396 --- [    Test worker] o.h.type.descriptor.sql.BasicBinder      : binding parameter [6] as [INTEGER] - [100]
2023-08-20 13:47:59.160 TRACE 35396 --- [    Test worker] o.h.type.descriptor.sql.BasicBinder      : binding parameter [7] as [TIMESTAMP] - [2023-08-20T13:47:59.150282]
2023-08-20 13:47:59.162 TRACE 35396 --- [    Test worker] o.h.type.descriptor.sql.BasicBinder      : binding parameter [8] as [BIGINT] - [4]
Hibernate: 
    call next value for hibernate_sequence
Hibernate: 
    insert 
    into
        item
        (item_detail, item_nm, item_sell_status, price, reg_time, stock_number, update_time, item_id) 
    values
        (?, ?, ?, ?, ?, ?, ?, ?)
2023-08-20 13:47:59.170 TRACE 35396 --- [    Test worker] o.h.type.descriptor.sql.BasicBinder      : binding parameter [1] as [CLOB] - [테스트 상품 상세 설명5]
2023-08-20 13:47:59.170 TRACE 35396 --- [    Test worker] o.h.type.descriptor.sql.BasicBinder      : binding parameter [2] as [VARCHAR] - [테스트 상품5]
2023-08-20 13:47:59.171 TRACE 35396 --- [    Test worker] o.h.type.descriptor.sql.BasicBinder      : binding parameter [3] as [VARCHAR] - [SELL]
2023-08-20 13:47:59.172 TRACE 35396 --- [    Test worker] o.h.type.descriptor.sql.BasicBinder      : binding parameter [4] as [INTEGER] - [10005]
2023-08-20 13:47:59.173 TRACE 35396 --- [    Test worker] o.h.type.descriptor.sql.BasicBinder      : binding parameter [5] as [TIMESTAMP] - [2023-08-20T13:47:59.165242400]
2023-08-20 13:47:59.174 TRACE 35396 --- [    Test worker] o.h.type.descriptor.sql.BasicBinder      : binding parameter [6] as [INTEGER] - [100]
2023-08-20 13:47:59.174 TRACE 35396 --- [    Test worker] o.h.type.descriptor.sql.BasicBinder      : binding parameter [7] as [TIMESTAMP] - [2023-08-20T13:47:59.165242400]
2023-08-20 13:47:59.174 TRACE 35396 --- [    Test worker] o.h.type.descriptor.sql.BasicBinder      : binding parameter [8] as [BIGINT] - [5]
Hibernate: 
    call next value for hibernate_sequence
Hibernate: 
    insert 
    into
        item
        (item_detail, item_nm, item_sell_status, price, reg_time, stock_number, update_time, item_id) 
    values
        (?, ?, ?, ?, ?, ?, ?, ?)
2023-08-20 13:47:59.180 TRACE 35396 --- [    Test worker] o.h.type.descriptor.sql.BasicBinder      : binding parameter [1] as [CLOB] - [테스트 상품 상세 설명6]
2023-08-20 13:47:59.181 TRACE 35396 --- [    Test worker] o.h.type.descriptor.sql.BasicBinder      : binding parameter [2] as [VARCHAR] - [테스트 상품6]
2023-08-20 13:47:59.182 TRACE 35396 --- [    Test worker] o.h.type.descriptor.sql.BasicBinder      : binding parameter [3] as [VARCHAR] - [SELL]
2023-08-20 13:47:59.183 TRACE 35396 --- [    Test worker] o.h.type.descriptor.sql.BasicBinder      : binding parameter [4] as [INTEGER] - [10006]
2023-08-20 13:47:59.184 TRACE 35396 --- [    Test worker] o.h.type.descriptor.sql.BasicBinder      : binding parameter [5] as [TIMESTAMP] - [2023-08-20T13:47:59.175214500]
2023-08-20 13:47:59.184 TRACE 35396 --- [    Test worker] o.h.type.descriptor.sql.BasicBinder      : binding parameter [6] as [INTEGER] - [100]
2023-08-20 13:47:59.185 TRACE 35396 --- [    Test worker] o.h.type.descriptor.sql.BasicBinder      : binding parameter [7] as [TIMESTAMP] - [2023-08-20T13:47:59.175214500]
2023-08-20 13:47:59.186 TRACE 35396 --- [    Test worker] o.h.type.descriptor.sql.BasicBinder      : binding parameter [8] as [BIGINT] - [6]
Hibernate: 
    call next value for hibernate_sequence
Hibernate: 
    insert 
    into
        item
        (item_detail, item_nm, item_sell_status, price, reg_time, stock_number, update_time, item_id) 
    values
        (?, ?, ?, ?, ?, ?, ?, ?)
2023-08-20 13:47:59.190 TRACE 35396 --- [    Test worker] o.h.type.descriptor.sql.BasicBinder      : binding parameter [1] as [CLOB] - [테스트 상품 상세 설명7]
2023-08-20 13:47:59.190 TRACE 35396 --- [    Test worker] o.h.type.descriptor.sql.BasicBinder      : binding parameter [2] as [VARCHAR] - [테스트 상품7]
2023-08-20 13:47:59.191 TRACE 35396 --- [    Test worker] o.h.type.descriptor.sql.BasicBinder      : binding parameter [3] as [VARCHAR] - [SELL]
2023-08-20 13:47:59.191 TRACE 35396 --- [    Test worker] o.h.type.descriptor.sql.BasicBinder      : binding parameter [4] as [INTEGER] - [10007]
2023-08-20 13:47:59.192 TRACE 35396 --- [    Test worker] o.h.type.descriptor.sql.BasicBinder      : binding parameter [5] as [TIMESTAMP] - [2023-08-20T13:47:59.187182600]
2023-08-20 13:47:59.192 TRACE 35396 --- [    Test worker] o.h.type.descriptor.sql.BasicBinder      : binding parameter [6] as [INTEGER] - [100]
2023-08-20 13:47:59.193 TRACE 35396 --- [    Test worker] o.h.type.descriptor.sql.BasicBinder      : binding parameter [7] as [TIMESTAMP] - [2023-08-20T13:47:59.187182600]
2023-08-20 13:47:59.194 TRACE 35396 --- [    Test worker] o.h.type.descriptor.sql.BasicBinder      : binding parameter [8] as [BIGINT] - [7]
Hibernate: 
    call next value for hibernate_sequence
Hibernate: 
    insert 
    into
        item
        (item_detail, item_nm, item_sell_status, price, reg_time, stock_number, update_time, item_id) 
    values
        (?, ?, ?, ?, ?, ?, ?, ?)
2023-08-20 13:47:59.199 TRACE 35396 --- [    Test worker] o.h.type.descriptor.sql.BasicBinder      : binding parameter [1] as [CLOB] - [테스트 상품 상세 설명8]
2023-08-20 13:47:59.199 TRACE 35396 --- [    Test worker] o.h.type.descriptor.sql.BasicBinder      : binding parameter [2] as [VARCHAR] - [테스트 상품8]
2023-08-20 13:47:59.200 TRACE 35396 --- [    Test worker] o.h.type.descriptor.sql.BasicBinder      : binding parameter [3] as [VARCHAR] - [SELL]
2023-08-20 13:47:59.200 TRACE 35396 --- [    Test worker] o.h.type.descriptor.sql.BasicBinder      : binding parameter [4] as [INTEGER] - [10008]
2023-08-20 13:47:59.200 TRACE 35396 --- [    Test worker] o.h.type.descriptor.sql.BasicBinder      : binding parameter [5] as [TIMESTAMP] - [2023-08-20T13:47:59.196158900]
2023-08-20 13:47:59.201 TRACE 35396 --- [    Test worker] o.h.type.descriptor.sql.BasicBinder      : binding parameter [6] as [INTEGER] - [100]
2023-08-20 13:47:59.201 TRACE 35396 --- [    Test worker] o.h.type.descriptor.sql.BasicBinder      : binding parameter [7] as [TIMESTAMP] - [2023-08-20T13:47:59.196158900]
2023-08-20 13:47:59.201 TRACE 35396 --- [    Test worker] o.h.type.descriptor.sql.BasicBinder      : binding parameter [8] as [BIGINT] - [8]
Hibernate: 
    call next value for hibernate_sequence
Hibernate: 
    insert 
    into
        item
        (item_detail, item_nm, item_sell_status, price, reg_time, stock_number, update_time, item_id) 
    values
        (?, ?, ?, ?, ?, ?, ?, ?)
2023-08-20 13:47:59.205 TRACE 35396 --- [    Test worker] o.h.type.descriptor.sql.BasicBinder      : binding parameter [1] as [CLOB] - [테스트 상품 상세 설명9]
2023-08-20 13:47:59.205 TRACE 35396 --- [    Test worker] o.h.type.descriptor.sql.BasicBinder      : binding parameter [2] as [VARCHAR] - [테스트 상품9]
2023-08-20 13:47:59.205 TRACE 35396 --- [    Test worker] o.h.type.descriptor.sql.BasicBinder      : binding parameter [3] as [VARCHAR] - [SELL]
2023-08-20 13:47:59.206 TRACE 35396 --- [    Test worker] o.h.type.descriptor.sql.BasicBinder      : binding parameter [4] as [INTEGER] - [10009]
2023-08-20 13:47:59.206 TRACE 35396 --- [    Test worker] o.h.type.descriptor.sql.BasicBinder      : binding parameter [5] as [TIMESTAMP] - [2023-08-20T13:47:59.203140]
2023-08-20 13:47:59.206 TRACE 35396 --- [    Test worker] o.h.type.descriptor.sql.BasicBinder      : binding parameter [6] as [INTEGER] - [100]
2023-08-20 13:47:59.206 TRACE 35396 --- [    Test worker] o.h.type.descriptor.sql.BasicBinder      : binding parameter [7] as [TIMESTAMP] - [2023-08-20T13:47:59.203140]
2023-08-20 13:47:59.206 TRACE 35396 --- [    Test worker] o.h.type.descriptor.sql.BasicBinder      : binding parameter [8] as [BIGINT] - [9]
Hibernate: 
    call next value for hibernate_sequence
Hibernate: 
    insert 
    into
        item
        (item_detail, item_nm, item_sell_status, price, reg_time, stock_number, update_time, item_id) 
    values
        (?, ?, ?, ?, ?, ?, ?, ?)
2023-08-20 13:47:59.209 TRACE 35396 --- [    Test worker] o.h.type.descriptor.sql.BasicBinder      : binding parameter [1] as [CLOB] - [테스트 상품 상세 설명10]
2023-08-20 13:47:59.210 TRACE 35396 --- [    Test worker] o.h.type.descriptor.sql.BasicBinder      : binding parameter [2] as [VARCHAR] - [테스트 상품10]
2023-08-20 13:47:59.210 TRACE 35396 --- [    Test worker] o.h.type.descriptor.sql.BasicBinder      : binding parameter [3] as [VARCHAR] - [SELL]
2023-08-20 13:47:59.210 TRACE 35396 --- [    Test worker] o.h.type.descriptor.sql.BasicBinder      : binding parameter [4] as [INTEGER] - [10010]
2023-08-20 13:47:59.210 TRACE 35396 --- [    Test worker] o.h.type.descriptor.sql.BasicBinder      : binding parameter [5] as [TIMESTAMP] - [2023-08-20T13:47:59.207129400]
2023-08-20 13:47:59.210 TRACE 35396 --- [    Test worker] o.h.type.descriptor.sql.BasicBinder      : binding parameter [6] as [INTEGER] - [100]
2023-08-20 13:47:59.210 TRACE 35396 --- [    Test worker] o.h.type.descriptor.sql.BasicBinder      : binding parameter [7] as [TIMESTAMP] - [2023-08-20T13:47:59.207129400]
2023-08-20 13:47:59.211 TRACE 35396 --- [    Test worker] o.h.type.descriptor.sql.BasicBinder      : binding parameter [8] as [BIGINT] - [10]
Hibernate: 
    select
        item0_.item_id as item_id1_0_,
        item0_.item_detail as item_det2_0_,
        item0_.item_nm as item_nm3_0_,
        item0_.item_sell_status as item_sel4_0_,
        item0_.price as price5_0_,
        item0_.reg_time as reg_time6_0_,
        item0_.stock_number as stock_nu7_0_,
        item0_.update_time as update_t8_0_ 
    from
        item item0_ 
    where
        item0_.price<? 
    order by
        item0_.price desc
2023-08-20 13:47:59.259 TRACE 35396 --- [    Test worker] o.h.type.descriptor.sql.BasicBinder      : binding parameter [1] as [INTEGER] - [10005]
Item(id=4, itemNm=테스트 상품4, price=10004, stockNumber=100, itemDetail=테스트 상품 상세 설명4, itemSellStatus=SELL, regTime=2023-08-20T13:47:59.150282, updateTime=2023-08-20T13:47:59.150282)
Item(id=3, itemNm=테스트 상품3, price=10003, stockNumber=100, itemDetail=테스트 상품 상세 설명3, itemSellStatus=SELL, regTime=2023-08-20T13:47:59.138314, updateTime=2023-08-20T13:47:59.138314)
Item(id=2, itemNm=테스트 상품2, price=10002, stockNumber=100, itemDetail=테스트 상품 상세 설명2, itemSellStatus=SELL, regTime=2023-08-20T13:47:59.128340, updateTime=2023-08-20T13:47:59.128340)
Item(id=1, itemNm=테스트 상품1, price=10001, stockNumber=100, itemDetail=테스트 상품 상세 설명1, itemSellStatus=SELL, regTime=2023-08-20T13:47:58.981732, updateTime=2023-08-20T13:47:58.981732)
Hibernate: 
    call next value for hibernate_sequence
Hibernate: 
    insert 
    into
        item
        (item_detail, item_nm, item_sell_status, price, reg_time, stock_number, update_time, item_id) 
    values
        (?, ?, ?, ?, ?, ?, ?, ?)
2023-08-20 13:47:59.316 TRACE 35396 --- [    Test worker] o.h.type.descriptor.sql.BasicBinder      : binding parameter [1] as [CLOB] - [테스트 상품 상세 설명1]
2023-08-20 13:47:59.316 TRACE 35396 --- [    Test worker] o.h.type.descriptor.sql.BasicBinder      : binding parameter [2] as [VARCHAR] - [테스트 상품1]
2023-08-20 13:47:59.316 TRACE 35396 --- [    Test worker] o.h.type.descriptor.sql.BasicBinder      : binding parameter [3] as [VARCHAR] - [SELL]
2023-08-20 13:47:59.317 TRACE 35396 --- [    Test worker] o.h.type.descriptor.sql.BasicBinder      : binding parameter [4] as [INTEGER] - [10001]
2023-08-20 13:47:59.317 TRACE 35396 --- [    Test worker] o.h.type.descriptor.sql.BasicBinder      : binding parameter [5] as [TIMESTAMP] - [2023-08-20T13:47:59.313844700]
2023-08-20 13:47:59.317 TRACE 35396 --- [    Test worker] o.h.type.descriptor.sql.BasicBinder      : binding parameter [6] as [INTEGER] - [100]
2023-08-20 13:47:59.317 TRACE 35396 --- [    Test worker] o.h.type.descriptor.sql.BasicBinder      : binding parameter [7] as [TIMESTAMP] - [2023-08-20T13:47:59.313844700]
2023-08-20 13:47:59.318 TRACE 35396 --- [    Test worker] o.h.type.descriptor.sql.BasicBinder      : binding parameter [8] as [BIGINT] - [11]
Hibernate: 
    call next value for hibernate_sequence
Hibernate: 
    insert 
    into
        item
        (item_detail, item_nm, item_sell_status, price, reg_time, stock_number, update_time, item_id) 
    values
        (?, ?, ?, ?, ?, ?, ?, ?)
2023-08-20 13:47:59.328 TRACE 35396 --- [    Test worker] o.h.type.descriptor.sql.BasicBinder      : binding parameter [1] as [CLOB] - [테스트 상품 상세 설명2]
2023-08-20 13:47:59.331 TRACE 35396 --- [    Test worker] o.h.type.descriptor.sql.BasicBinder      : binding parameter [2] as [VARCHAR] - [테스트 상품2]
2023-08-20 13:47:59.333 TRACE 35396 --- [    Test worker] o.h.type.descriptor.sql.BasicBinder      : binding parameter [3] as [VARCHAR] - [SELL]
2023-08-20 13:47:59.333 TRACE 35396 --- [    Test worker] o.h.type.descriptor.sql.BasicBinder      : binding parameter [4] as [INTEGER] - [10002]
2023-08-20 13:47:59.333 TRACE 35396 --- [    Test worker] o.h.type.descriptor.sql.BasicBinder      : binding parameter [5] as [TIMESTAMP] - [2023-08-20T13:47:59.319828400]
2023-08-20 13:47:59.333 TRACE 35396 --- [    Test worker] o.h.type.descriptor.sql.BasicBinder      : binding parameter [6] as [INTEGER] - [100]
2023-08-20 13:47:59.333 TRACE 35396 --- [    Test worker] o.h.type.descriptor.sql.BasicBinder      : binding parameter [7] as [TIMESTAMP] - [2023-08-20T13:47:59.319828400]
2023-08-20 13:47:59.334 TRACE 35396 --- [    Test worker] o.h.type.descriptor.sql.BasicBinder      : binding parameter [8] as [BIGINT] - [12]
Hibernate: 
    call next value for hibernate_sequence
Hibernate: 
    insert 
    into
        item
        (item_detail, item_nm, item_sell_status, price, reg_time, stock_number, update_time, item_id) 
    values
        (?, ?, ?, ?, ?, ?, ?, ?)
2023-08-20 13:47:59.343 TRACE 35396 --- [    Test worker] o.h.type.descriptor.sql.BasicBinder      : binding parameter [1] as [CLOB] - [테스트 상품 상세 설명3]
2023-08-20 13:47:59.344 TRACE 35396 --- [    Test worker] o.h.type.descriptor.sql.BasicBinder      : binding parameter [2] as [VARCHAR] - [테스트 상품3]
2023-08-20 13:47:59.345 TRACE 35396 --- [    Test worker] o.h.type.descriptor.sql.BasicBinder      : binding parameter [3] as [VARCHAR] - [SELL]
2023-08-20 13:47:59.345 TRACE 35396 --- [    Test worker] o.h.type.descriptor.sql.BasicBinder      : binding parameter [4] as [INTEGER] - [10003]
2023-08-20 13:47:59.347 TRACE 35396 --- [    Test worker] o.h.type.descriptor.sql.BasicBinder      : binding parameter [5] as [TIMESTAMP] - [2023-08-20T13:47:59.334788]
2023-08-20 13:47:59.347 TRACE 35396 --- [    Test worker] o.h.type.descriptor.sql.BasicBinder      : binding parameter [6] as [INTEGER] - [100]
2023-08-20 13:47:59.348 TRACE 35396 --- [    Test worker] o.h.type.descriptor.sql.BasicBinder      : binding parameter [7] as [TIMESTAMP] - [2023-08-20T13:47:59.334788]
2023-08-20 13:47:59.349 TRACE 35396 --- [    Test worker] o.h.type.descriptor.sql.BasicBinder      : binding parameter [8] as [BIGINT] - [13]
Hibernate: 
    call next value for hibernate_sequence
Hibernate: 
    insert 
    into
        item
        (item_detail, item_nm, item_sell_status, price, reg_time, stock_number, update_time, item_id) 
    values
        (?, ?, ?, ?, ?, ?, ?, ?)
2023-08-20 13:47:59.357 TRACE 35396 --- [    Test worker] o.h.type.descriptor.sql.BasicBinder      : binding parameter [1] as [CLOB] - [테스트 상품 상세 설명4]
2023-08-20 13:47:59.358 TRACE 35396 --- [    Test worker] o.h.type.descriptor.sql.BasicBinder      : binding parameter [2] as [VARCHAR] - [테스트 상품4]
2023-08-20 13:47:59.359 TRACE 35396 --- [    Test worker] o.h.type.descriptor.sql.BasicBinder      : binding parameter [3] as [VARCHAR] - [SELL]
2023-08-20 13:47:59.361 TRACE 35396 --- [    Test worker] o.h.type.descriptor.sql.BasicBinder      : binding parameter [4] as [INTEGER] - [10004]
2023-08-20 13:47:59.362 TRACE 35396 --- [    Test worker] o.h.type.descriptor.sql.BasicBinder      : binding parameter [5] as [TIMESTAMP] - [2023-08-20T13:47:59.351742300]
2023-08-20 13:47:59.363 TRACE 35396 --- [    Test worker] o.h.type.descriptor.sql.BasicBinder      : binding parameter [6] as [INTEGER] - [100]
2023-08-20 13:47:59.405 TRACE 35396 --- [    Test worker] o.h.type.descriptor.sql.BasicBinder      : binding parameter [7] as [TIMESTAMP] - [2023-08-20T13:47:59.351742300]
2023-08-20 13:47:59.410 TRACE 35396 --- [    Test worker] o.h.type.descriptor.sql.BasicBinder      : binding parameter [8] as [BIGINT] - [14]
Hibernate: 
    call next value for hibernate_sequence
Hibernate: 
    insert 
    into
        item
        (item_detail, item_nm, item_sell_status, price, reg_time, stock_number, update_time, item_id) 
    values
        (?, ?, ?, ?, ?, ?, ?, ?)
2023-08-20 13:47:59.423 TRACE 35396 --- [    Test worker] o.h.type.descriptor.sql.BasicBinder      : binding parameter [1] as [CLOB] - [테스트 상품 상세 설명5]
2023-08-20 13:47:59.424 TRACE 35396 --- [    Test worker] o.h.type.descriptor.sql.BasicBinder      : binding parameter [2] as [VARCHAR] - [테스트 상품5]
2023-08-20 13:47:59.425 TRACE 35396 --- [    Test worker] o.h.type.descriptor.sql.BasicBinder      : binding parameter [3] as [VARCHAR] - [SELL]
2023-08-20 13:47:59.426 TRACE 35396 --- [    Test worker] o.h.type.descriptor.sql.BasicBinder      : binding parameter [4] as [INTEGER] - [10005]
2023-08-20 13:47:59.428 TRACE 35396 --- [    Test worker] o.h.type.descriptor.sql.BasicBinder      : binding parameter [5] as [TIMESTAMP] - [2023-08-20T13:47:59.413577300]
2023-08-20 13:47:59.429 TRACE 35396 --- [    Test worker] o.h.type.descriptor.sql.BasicBinder      : binding parameter [6] as [INTEGER] - [100]
2023-08-20 13:47:59.429 TRACE 35396 --- [    Test worker] o.h.type.descriptor.sql.BasicBinder      : binding parameter [7] as [TIMESTAMP] - [2023-08-20T13:47:59.413577300]
2023-08-20 13:47:59.430 TRACE 35396 --- [    Test worker] o.h.type.descriptor.sql.BasicBinder      : binding parameter [8] as [BIGINT] - [15]
Hibernate: 
    call next value for hibernate_sequence
Hibernate: 
    insert 
    into
        item
        (item_detail, item_nm, item_sell_status, price, reg_time, stock_number, update_time, item_id) 
    values
        (?, ?, ?, ?, ?, ?, ?, ?)
2023-08-20 13:47:59.447 TRACE 35396 --- [    Test worker] o.h.type.descriptor.sql.BasicBinder      : binding parameter [1] as [CLOB] - [테스트 상품 상세 설명6]
2023-08-20 13:47:59.448 TRACE 35396 --- [    Test worker] o.h.type.descriptor.sql.BasicBinder      : binding parameter [2] as [VARCHAR] - [테스트 상품6]
2023-08-20 13:47:59.448 TRACE 35396 --- [    Test worker] o.h.type.descriptor.sql.BasicBinder      : binding parameter [3] as [VARCHAR] - [SELL]
2023-08-20 13:47:59.450 TRACE 35396 --- [    Test worker] o.h.type.descriptor.sql.BasicBinder      : binding parameter [4] as [INTEGER] - [10006]
2023-08-20 13:47:59.451 TRACE 35396 --- [    Test worker] o.h.type.descriptor.sql.BasicBinder      : binding parameter [5] as [TIMESTAMP] - [2023-08-20T13:47:59.433526900]
2023-08-20 13:47:59.453 TRACE 35396 --- [    Test worker] o.h.type.descriptor.sql.BasicBinder      : binding parameter [6] as [INTEGER] - [100]
2023-08-20 13:47:59.454 TRACE 35396 --- [    Test worker] o.h.type.descriptor.sql.BasicBinder      : binding parameter [7] as [TIMESTAMP] - [2023-08-20T13:47:59.433526900]
2023-08-20 13:47:59.454 TRACE 35396 --- [    Test worker] o.h.type.descriptor.sql.BasicBinder      : binding parameter [8] as [BIGINT] - [16]
Hibernate: 
    call next value for hibernate_sequence
Hibernate: 
    insert 
    into
        item
        (item_detail, item_nm, item_sell_status, price, reg_time, stock_number, update_time, item_id) 
    values
        (?, ?, ?, ?, ?, ?, ?, ?)
2023-08-20 13:47:59.474 TRACE 35396 --- [    Test worker] o.h.type.descriptor.sql.BasicBinder      : binding parameter [1] as [CLOB] - [테스트 상품 상세 설명7]
2023-08-20 13:47:59.476 TRACE 35396 --- [    Test worker] o.h.type.descriptor.sql.BasicBinder      : binding parameter [2] as [VARCHAR] - [테스트 상품7]
2023-08-20 13:47:59.476 TRACE 35396 --- [    Test worker] o.h.type.descriptor.sql.BasicBinder      : binding parameter [3] as [VARCHAR] - [SELL]
2023-08-20 13:47:59.476 TRACE 35396 --- [    Test worker] o.h.type.descriptor.sql.BasicBinder      : binding parameter [4] as [INTEGER] - [10007]
2023-08-20 13:47:59.476 TRACE 35396 --- [    Test worker] o.h.type.descriptor.sql.BasicBinder      : binding parameter [5] as [TIMESTAMP] - [2023-08-20T13:47:59.457462300]
2023-08-20 13:47:59.477 TRACE 35396 --- [    Test worker] o.h.type.descriptor.sql.BasicBinder      : binding parameter [6] as [INTEGER] - [100]
2023-08-20 13:47:59.477 TRACE 35396 --- [    Test worker] o.h.type.descriptor.sql.BasicBinder      : binding parameter [7] as [TIMESTAMP] - [2023-08-20T13:47:59.457462300]
2023-08-20 13:47:59.477 TRACE 35396 --- [    Test worker] o.h.type.descriptor.sql.BasicBinder      : binding parameter [8] as [BIGINT] - [17]
Hibernate: 
    call next value for hibernate_sequence
Hibernate: 
    insert 
    into
        item
        (item_detail, item_nm, item_sell_status, price, reg_time, stock_number, update_time, item_id) 
    values
        (?, ?, ?, ?, ?, ?, ?, ?)
2023-08-20 13:47:59.487 TRACE 35396 --- [    Test worker] o.h.type.descriptor.sql.BasicBinder      : binding parameter [1] as [CLOB] - [테스트 상품 상세 설명8]
2023-08-20 13:47:59.487 TRACE 35396 --- [    Test worker] o.h.type.descriptor.sql.BasicBinder      : binding parameter [2] as [VARCHAR] - [테스트 상품8]
2023-08-20 13:47:59.488 TRACE 35396 --- [    Test worker] o.h.type.descriptor.sql.BasicBinder      : binding parameter [3] as [VARCHAR] - [SELL]
2023-08-20 13:47:59.494 TRACE 35396 --- [    Test worker] o.h.type.descriptor.sql.BasicBinder      : binding parameter [4] as [INTEGER] - [10008]
2023-08-20 13:47:59.495 TRACE 35396 --- [    Test worker] o.h.type.descriptor.sql.BasicBinder      : binding parameter [5] as [TIMESTAMP] - [2023-08-20T13:47:59.478404400]
2023-08-20 13:47:59.495 TRACE 35396 --- [    Test worker] o.h.type.descriptor.sql.BasicBinder      : binding parameter [6] as [INTEGER] - [100]
2023-08-20 13:47:59.495 TRACE 35396 --- [    Test worker] o.h.type.descriptor.sql.BasicBinder      : binding parameter [7] as [TIMESTAMP] - [2023-08-20T13:47:59.478404400]
2023-08-20 13:47:59.501 TRACE 35396 --- [    Test worker] o.h.type.descriptor.sql.BasicBinder      : binding parameter [8] as [BIGINT] - [18]
Hibernate: 
    call next value for hibernate_sequence
Hibernate: 
    insert 
    into
        item
        (item_detail, item_nm, item_sell_status, price, reg_time, stock_number, update_time, item_id) 
    values
        (?, ?, ?, ?, ?, ?, ?, ?)
2023-08-20 13:47:59.510 TRACE 35396 --- [    Test worker] o.h.type.descriptor.sql.BasicBinder      : binding parameter [1] as [CLOB] - [테스트 상품 상세 설명9]
2023-08-20 13:47:59.510 TRACE 35396 --- [    Test worker] o.h.type.descriptor.sql.BasicBinder      : binding parameter [2] as [VARCHAR] - [테스트 상품9]
2023-08-20 13:47:59.511 TRACE 35396 --- [    Test worker] o.h.type.descriptor.sql.BasicBinder      : binding parameter [3] as [VARCHAR] - [SELL]
2023-08-20 13:47:59.512 TRACE 35396 --- [    Test worker] o.h.type.descriptor.sql.BasicBinder      : binding parameter [4] as [INTEGER] - [10009]
2023-08-20 13:47:59.513 TRACE 35396 --- [    Test worker] o.h.type.descriptor.sql.BasicBinder      : binding parameter [5] as [TIMESTAMP] - [2023-08-20T13:47:59.503338200]
2023-08-20 13:47:59.513 TRACE 35396 --- [    Test worker] o.h.type.descriptor.sql.BasicBinder      : binding parameter [6] as [INTEGER] - [100]
2023-08-20 13:47:59.514 TRACE 35396 --- [    Test worker] o.h.type.descriptor.sql.BasicBinder      : binding parameter [7] as [TIMESTAMP] - [2023-08-20T13:47:59.503338200]
2023-08-20 13:47:59.515 TRACE 35396 --- [    Test worker] o.h.type.descriptor.sql.BasicBinder      : binding parameter [8] as [BIGINT] - [19]
Hibernate: 
    call next value for hibernate_sequence
Hibernate: 
    insert 
    into
        item
        (item_detail, item_nm, item_sell_status, price, reg_time, stock_number, update_time, item_id) 
    values
        (?, ?, ?, ?, ?, ?, ?, ?)
2023-08-20 13:47:59.523 TRACE 35396 --- [    Test worker] o.h.type.descriptor.sql.BasicBinder      : binding parameter [1] as [CLOB] - [테스트 상품 상세 설명10]
2023-08-20 13:47:59.524 TRACE 35396 --- [    Test worker] o.h.type.descriptor.sql.BasicBinder      : binding parameter [2] as [VARCHAR] - [테스트 상품10]
2023-08-20 13:47:59.524 TRACE 35396 --- [    Test worker] o.h.type.descriptor.sql.BasicBinder      : binding parameter [3] as [VARCHAR] - [SELL]
2023-08-20 13:47:59.525 TRACE 35396 --- [    Test worker] o.h.type.descriptor.sql.BasicBinder      : binding parameter [4] as [INTEGER] - [10010]
2023-08-20 13:47:59.525 TRACE 35396 --- [    Test worker] o.h.type.descriptor.sql.BasicBinder      : binding parameter [5] as [TIMESTAMP] - [2023-08-20T13:47:59.516302800]
2023-08-20 13:47:59.525 TRACE 35396 --- [    Test worker] o.h.type.descriptor.sql.BasicBinder      : binding parameter [6] as [INTEGER] - [100]
2023-08-20 13:47:59.526 TRACE 35396 --- [    Test worker] o.h.type.descriptor.sql.BasicBinder      : binding parameter [7] as [TIMESTAMP] - [2023-08-20T13:47:59.516302800]
2023-08-20 13:47:59.526 TRACE 35396 --- [    Test worker] o.h.type.descriptor.sql.BasicBinder      : binding parameter [8] as [BIGINT] - [20]
Hibernate: 
    select
        item0_.item_id as item_id1_0_,
        item0_.item_detail as item_det2_0_,
        item0_.item_nm as item_nm3_0_,
        item0_.item_sell_status as item_sel4_0_,
        item0_.price as price5_0_,
        item0_.reg_time as reg_time6_0_,
        item0_.stock_number as stock_nu7_0_,
        item0_.update_time as update_t8_0_ 
    from
        item item0_ 
    where
        item0_.item_sell_status=? 
        and (
            item0_.item_detail like ? escape '!'
        ) 
    order by
        item0_.price desc
2023-08-20 13:47:59.596 TRACE 35396 --- [    Test worker] o.h.type.descriptor.sql.BasicBinder      : binding parameter [1] as [VARCHAR] - [SELL]
2023-08-20 13:47:59.596 TRACE 35396 --- [    Test worker] o.h.type.descriptor.sql.BasicBinder      : binding parameter [2] as [CLOB] - [%테스트 상품 상세 설명%]
Item(id=10, itemNm=테스트 상품10, price=10010, stockNumber=100, itemDetail=테스트 상품 상세 설명10, itemSellStatus=SELL, regTime=2023-08-20T13:47:59.207129, updateTime=2023-08-20T13:47:59.207129)
Item(id=20, itemNm=테스트 상품10, price=10010, stockNumber=100, itemDetail=테스트 상품 상세 설명10, itemSellStatus=SELL, regTime=2023-08-20T13:47:59.516303, updateTime=2023-08-20T13:47:59.516303)
Item(id=9, itemNm=테스트 상품9, price=10009, stockNumber=100, itemDetail=테스트 상품 상세 설명9, itemSellStatus=SELL, regTime=2023-08-20T13:47:59.203140, updateTime=2023-08-20T13:47:59.203140)
Item(id=19, itemNm=테스트 상품9, price=10009, stockNumber=100, itemDetail=테스트 상품 상세 설명9, itemSellStatus=SELL, regTime=2023-08-20T13:47:59.503338, updateTime=2023-08-20T13:47:59.503338)
Item(id=8, itemNm=테스트 상품8, price=10008, stockNumber=100, itemDetail=테스트 상품 상세 설명8, itemSellStatus=SELL, regTime=2023-08-20T13:47:59.196159, updateTime=2023-08-20T13:47:59.196159)
Item(id=18, itemNm=테스트 상품8, price=10008, stockNumber=100, itemDetail=테스트 상품 상세 설명8, itemSellStatus=SELL, regTime=2023-08-20T13:47:59.478404, updateTime=2023-08-20T13:47:59.478404)
Item(id=7, itemNm=테스트 상품7, price=10007, stockNumber=100, itemDetail=테스트 상품 상세 설명7, itemSellStatus=SELL, regTime=2023-08-20T13:47:59.187183, updateTime=2023-08-20T13:47:59.187183)
Item(id=17, itemNm=테스트 상품7, price=10007, stockNumber=100, itemDetail=테스트 상품 상세 설명7, itemSellStatus=SELL, regTime=2023-08-20T13:47:59.457462, updateTime=2023-08-20T13:47:59.457462)
Item(id=6, itemNm=테스트 상품6, price=10006, stockNumber=100, itemDetail=테스트 상품 상세 설명6, itemSellStatus=SELL, regTime=2023-08-20T13:47:59.175215, updateTime=2023-08-20T13:47:59.175215)
Item(id=16, itemNm=테스트 상품6, price=10006, stockNumber=100, itemDetail=테스트 상품 상세 설명6, itemSellStatus=SELL, regTime=2023-08-20T13:47:59.433527, updateTime=2023-08-20T13:47:59.433527)
Item(id=5, itemNm=테스트 상품5, price=10005, stockNumber=100, itemDetail=테스트 상품 상세 설명5, itemSellStatus=SELL, regTime=2023-08-20T13:47:59.165242, updateTime=2023-08-20T13:47:59.165242)
Item(id=15, itemNm=테스트 상품5, price=10005, stockNumber=100, itemDetail=테스트 상품 상세 설명5, itemSellStatus=SELL, regTime=2023-08-20T13:47:59.413577, updateTime=2023-08-20T13:47:59.413577)
Item(id=4, itemNm=테스트 상품4, price=10004, stockNumber=100, itemDetail=테스트 상품 상세 설명4, itemSellStatus=SELL, regTime=2023-08-20T13:47:59.150282, updateTime=2023-08-20T13:47:59.150282)
Item(id=14, itemNm=테스트 상품4, price=10004, stockNumber=100, itemDetail=테스트 상품 상세 설명4, itemSellStatus=SELL, regTime=2023-08-20T13:47:59.351742, updateTime=2023-08-20T13:47:59.351742)
Item(id=3, itemNm=테스트 상품3, price=10003, stockNumber=100, itemDetail=테스트 상품 상세 설명3, itemSellStatus=SELL, regTime=2023-08-20T13:47:59.138314, updateTime=2023-08-20T13:47:59.138314)
Item(id=13, itemNm=테스트 상품3, price=10003, stockNumber=100, itemDetail=테스트 상품 상세 설명3, itemSellStatus=SELL, regTime=2023-08-20T13:47:59.334788, updateTime=2023-08-20T13:47:59.334788)
Item(id=2, itemNm=테스트 상품2, price=10002, stockNumber=100, itemDetail=테스트 상품 상세 설명2, itemSellStatus=SELL, regTime=2023-08-20T13:47:59.128340, updateTime=2023-08-20T13:47:59.128340)
Item(id=12, itemNm=테스트 상품2, price=10002, stockNumber=100, itemDetail=테스트 상품 상세 설명2, itemSellStatus=SELL, regTime=2023-08-20T13:47:59.319828, updateTime=2023-08-20T13:47:59.319828)
Item(id=1, itemNm=테스트 상품1, price=10001, stockNumber=100, itemDetail=테스트 상품 상세 설명1, itemSellStatus=SELL, regTime=2023-08-20T13:47:58.981732, updateTime=2023-08-20T13:47:58.981732)
Item(id=11, itemNm=테스트 상품1, price=10001, stockNumber=100, itemDetail=테스트 상품 상세 설명1, itemSellStatus=SELL, regTime=2023-08-20T13:47:59.313845, updateTime=2023-08-20T13:47:59.313845)
Hibernate: 
    call next value for hibernate_sequence
Hibernate: 
    insert 
    into
        item
        (item_detail, item_nm, item_sell_status, price, reg_time, stock_number, update_time, item_id) 
    values
        (?, ?, ?, ?, ?, ?, ?, ?)
2023-08-20 13:47:59.620 TRACE 35396 --- [    Test worker] o.h.type.descriptor.sql.BasicBinder      : binding parameter [1] as [CLOB] - [테스트 상품 상세 설명1]
2023-08-20 13:47:59.621 TRACE 35396 --- [    Test worker] o.h.type.descriptor.sql.BasicBinder      : binding parameter [2] as [VARCHAR] - [테스트 상품1]
2023-08-20 13:47:59.621 TRACE 35396 --- [    Test worker] o.h.type.descriptor.sql.BasicBinder      : binding parameter [3] as [VARCHAR] - [SELL]
2023-08-20 13:47:59.622 TRACE 35396 --- [    Test worker] o.h.type.descriptor.sql.BasicBinder      : binding parameter [4] as [INTEGER] - [10001]
2023-08-20 13:47:59.622 TRACE 35396 --- [    Test worker] o.h.type.descriptor.sql.BasicBinder      : binding parameter [5] as [TIMESTAMP] - [2023-08-20T13:47:59.617033500]
2023-08-20 13:47:59.622 TRACE 35396 --- [    Test worker] o.h.type.descriptor.sql.BasicBinder      : binding parameter [6] as [INTEGER] - [100]
2023-08-20 13:47:59.623 TRACE 35396 --- [    Test worker] o.h.type.descriptor.sql.BasicBinder      : binding parameter [7] as [TIMESTAMP] - [2023-08-20T13:47:59.617033500]
2023-08-20 13:47:59.623 TRACE 35396 --- [    Test worker] o.h.type.descriptor.sql.BasicBinder      : binding parameter [8] as [BIGINT] - [21]
Hibernate: 
    call next value for hibernate_sequence
Hibernate: 
    insert 
    into
        item
        (item_detail, item_nm, item_sell_status, price, reg_time, stock_number, update_time, item_id) 
    values
        (?, ?, ?, ?, ?, ?, ?, ?)
2023-08-20 13:47:59.625 TRACE 35396 --- [    Test worker] o.h.type.descriptor.sql.BasicBinder      : binding parameter [1] as [CLOB] - [테스트 상품 상세 설명2]
2023-08-20 13:47:59.626 TRACE 35396 --- [    Test worker] o.h.type.descriptor.sql.BasicBinder      : binding parameter [2] as [VARCHAR] - [테스트 상품2]
2023-08-20 13:47:59.626 TRACE 35396 --- [    Test worker] o.h.type.descriptor.sql.BasicBinder      : binding parameter [3] as [VARCHAR] - [SELL]
2023-08-20 13:47:59.626 TRACE 35396 --- [    Test worker] o.h.type.descriptor.sql.BasicBinder      : binding parameter [4] as [INTEGER] - [10002]
2023-08-20 13:47:59.626 TRACE 35396 --- [    Test worker] o.h.type.descriptor.sql.BasicBinder      : binding parameter [5] as [TIMESTAMP] - [2023-08-20T13:47:59.624016900]
2023-08-20 13:47:59.627 TRACE 35396 --- [    Test worker] o.h.type.descriptor.sql.BasicBinder      : binding parameter [6] as [INTEGER] - [100]
2023-08-20 13:47:59.627 TRACE 35396 --- [    Test worker] o.h.type.descriptor.sql.BasicBinder      : binding parameter [7] as [TIMESTAMP] - [2023-08-20T13:47:59.624016900]
2023-08-20 13:47:59.627 TRACE 35396 --- [    Test worker] o.h.type.descriptor.sql.BasicBinder      : binding parameter [8] as [BIGINT] - [22]
Hibernate: 
    call next value for hibernate_sequence
Hibernate: 
    insert 
    into
        item
        (item_detail, item_nm, item_sell_status, price, reg_time, stock_number, update_time, item_id) 
    values
        (?, ?, ?, ?, ?, ?, ?, ?)
2023-08-20 13:47:59.630 TRACE 35396 --- [    Test worker] o.h.type.descriptor.sql.BasicBinder      : binding parameter [1] as [CLOB] - [테스트 상품 상세 설명3]
2023-08-20 13:47:59.631 TRACE 35396 --- [    Test worker] o.h.type.descriptor.sql.BasicBinder      : binding parameter [2] as [VARCHAR] - [테스트 상품3]
2023-08-20 13:47:59.632 TRACE 35396 --- [    Test worker] o.h.type.descriptor.sql.BasicBinder      : binding parameter [3] as [VARCHAR] - [SELL]
2023-08-20 13:47:59.633 TRACE 35396 --- [    Test worker] o.h.type.descriptor.sql.BasicBinder      : binding parameter [4] as [INTEGER] - [10003]
2023-08-20 13:47:59.637 TRACE 35396 --- [    Test worker] o.h.type.descriptor.sql.BasicBinder      : binding parameter [5] as [TIMESTAMP] - [2023-08-20T13:47:59.629001400]
2023-08-20 13:47:59.638 TRACE 35396 --- [    Test worker] o.h.type.descriptor.sql.BasicBinder      : binding parameter [6] as [INTEGER] - [100]
2023-08-20 13:47:59.638 TRACE 35396 --- [    Test worker] o.h.type.descriptor.sql.BasicBinder      : binding parameter [7] as [TIMESTAMP] - [2023-08-20T13:47:59.629001400]
2023-08-20 13:47:59.638 TRACE 35396 --- [    Test worker] o.h.type.descriptor.sql.BasicBinder      : binding parameter [8] as [BIGINT] - [23]
Hibernate: 
    call next value for hibernate_sequence
Hibernate: 
    insert 
    into
        item
        (item_detail, item_nm, item_sell_status, price, reg_time, stock_number, update_time, item_id) 
    values
        (?, ?, ?, ?, ?, ?, ?, ?)
2023-08-20 13:47:59.642 TRACE 35396 --- [    Test worker] o.h.type.descriptor.sql.BasicBinder      : binding parameter [1] as [CLOB] - [테스트 상품 상세 설명4]
2023-08-20 13:47:59.642 TRACE 35396 --- [    Test worker] o.h.type.descriptor.sql.BasicBinder      : binding parameter [2] as [VARCHAR] - [테스트 상품4]
2023-08-20 13:47:59.643 TRACE 35396 --- [    Test worker] o.h.type.descriptor.sql.BasicBinder      : binding parameter [3] as [VARCHAR] - [SELL]
2023-08-20 13:47:59.643 TRACE 35396 --- [    Test worker] o.h.type.descriptor.sql.BasicBinder      : binding parameter [4] as [INTEGER] - [10004]
2023-08-20 13:47:59.643 TRACE 35396 --- [    Test worker] o.h.type.descriptor.sql.BasicBinder      : binding parameter [5] as [TIMESTAMP] - [2023-08-20T13:47:59.639971300]
2023-08-20 13:47:59.644 TRACE 35396 --- [    Test worker] o.h.type.descriptor.sql.BasicBinder      : binding parameter [6] as [INTEGER] - [100]
2023-08-20 13:47:59.644 TRACE 35396 --- [    Test worker] o.h.type.descriptor.sql.BasicBinder      : binding parameter [7] as [TIMESTAMP] - [2023-08-20T13:47:59.639971300]
2023-08-20 13:47:59.644 TRACE 35396 --- [    Test worker] o.h.type.descriptor.sql.BasicBinder      : binding parameter [8] as [BIGINT] - [24]
Hibernate: 
    call next value for hibernate_sequence
Hibernate: 
    insert 
    into
        item
        (item_detail, item_nm, item_sell_status, price, reg_time, stock_number, update_time, item_id) 
    values
        (?, ?, ?, ?, ?, ?, ?, ?)
2023-08-20 13:47:59.646 TRACE 35396 --- [    Test worker] o.h.type.descriptor.sql.BasicBinder      : binding parameter [1] as [CLOB] - [테스트 상품 상세 설명5]
2023-08-20 13:47:59.647 TRACE 35396 --- [    Test worker] o.h.type.descriptor.sql.BasicBinder      : binding parameter [2] as [VARCHAR] - [테스트 상품5]
2023-08-20 13:47:59.647 TRACE 35396 --- [    Test worker] o.h.type.descriptor.sql.BasicBinder      : binding parameter [3] as [VARCHAR] - [SELL]
2023-08-20 13:47:59.647 TRACE 35396 --- [    Test worker] o.h.type.descriptor.sql.BasicBinder      : binding parameter [4] as [INTEGER] - [10005]
2023-08-20 13:47:59.647 TRACE 35396 --- [    Test worker] o.h.type.descriptor.sql.BasicBinder      : binding parameter [5] as [TIMESTAMP] - [2023-08-20T13:47:59.645955900]
2023-08-20 13:47:59.647 TRACE 35396 --- [    Test worker] o.h.type.descriptor.sql.BasicBinder      : binding parameter [6] as [INTEGER] - [100]
2023-08-20 13:47:59.647 TRACE 35396 --- [    Test worker] o.h.type.descriptor.sql.BasicBinder      : binding parameter [7] as [TIMESTAMP] - [2023-08-20T13:47:59.645955900]
2023-08-20 13:47:59.648 TRACE 35396 --- [    Test worker] o.h.type.descriptor.sql.BasicBinder      : binding parameter [8] as [BIGINT] - [25]
Hibernate: 
    call next value for hibernate_sequence
Hibernate: 
    insert 
    into
        item
        (item_detail, item_nm, item_sell_status, price, reg_time, stock_number, update_time, item_id) 
    values
        (?, ?, ?, ?, ?, ?, ?, ?)
2023-08-20 13:47:59.650 TRACE 35396 --- [    Test worker] o.h.type.descriptor.sql.BasicBinder      : binding parameter [1] as [CLOB] - [테스트 상품 상세 설명6]
2023-08-20 13:47:59.650 TRACE 35396 --- [    Test worker] o.h.type.descriptor.sql.BasicBinder      : binding parameter [2] as [VARCHAR] - [테스트 상품6]
2023-08-20 13:47:59.651 TRACE 35396 --- [    Test worker] o.h.type.descriptor.sql.BasicBinder      : binding parameter [3] as [VARCHAR] - [SELL]
2023-08-20 13:47:59.651 TRACE 35396 --- [    Test worker] o.h.type.descriptor.sql.BasicBinder      : binding parameter [4] as [INTEGER] - [10006]
2023-08-20 13:47:59.651 TRACE 35396 --- [    Test worker] o.h.type.descriptor.sql.BasicBinder      : binding parameter [5] as [TIMESTAMP] - [2023-08-20T13:47:59.648949]
2023-08-20 13:47:59.651 TRACE 35396 --- [    Test worker] o.h.type.descriptor.sql.BasicBinder      : binding parameter [6] as [INTEGER] - [100]
2023-08-20 13:47:59.651 TRACE 35396 --- [    Test worker] o.h.type.descriptor.sql.BasicBinder      : binding parameter [7] as [TIMESTAMP] - [2023-08-20T13:47:59.648949]
2023-08-20 13:47:59.654 TRACE 35396 --- [    Test worker] o.h.type.descriptor.sql.BasicBinder      : binding parameter [8] as [BIGINT] - [26]
Hibernate: 
    call next value for hibernate_sequence
Hibernate: 
    insert 
    into
        item
        (item_detail, item_nm, item_sell_status, price, reg_time, stock_number, update_time, item_id) 
    values
        (?, ?, ?, ?, ?, ?, ?, ?)
2023-08-20 13:47:59.658 TRACE 35396 --- [    Test worker] o.h.type.descriptor.sql.BasicBinder      : binding parameter [1] as [CLOB] - [테스트 상품 상세 설명7]
2023-08-20 13:47:59.658 TRACE 35396 --- [    Test worker] o.h.type.descriptor.sql.BasicBinder      : binding parameter [2] as [VARCHAR] - [테스트 상품7]
2023-08-20 13:47:59.658 TRACE 35396 --- [    Test worker] o.h.type.descriptor.sql.BasicBinder      : binding parameter [3] as [VARCHAR] - [SELL]
2023-08-20 13:47:59.658 TRACE 35396 --- [    Test worker] o.h.type.descriptor.sql.BasicBinder      : binding parameter [4] as [INTEGER] - [10007]
2023-08-20 13:47:59.658 TRACE 35396 --- [    Test worker] o.h.type.descriptor.sql.BasicBinder      : binding parameter [5] as [TIMESTAMP] - [2023-08-20T13:47:59.655929600]
2023-08-20 13:47:59.659 TRACE 35396 --- [    Test worker] o.h.type.descriptor.sql.BasicBinder      : binding parameter [6] as [INTEGER] - [100]
2023-08-20 13:47:59.659 TRACE 35396 --- [    Test worker] o.h.type.descriptor.sql.BasicBinder      : binding parameter [7] as [TIMESTAMP] - [2023-08-20T13:47:59.655929600]
2023-08-20 13:47:59.659 TRACE 35396 --- [    Test worker] o.h.type.descriptor.sql.BasicBinder      : binding parameter [8] as [BIGINT] - [27]
Hibernate: 
    call next value for hibernate_sequence
Hibernate: 
    insert 
    into
        item
        (item_detail, item_nm, item_sell_status, price, reg_time, stock_number, update_time, item_id) 
    values
        (?, ?, ?, ?, ?, ?, ?, ?)
2023-08-20 13:47:59.661 TRACE 35396 --- [    Test worker] o.h.type.descriptor.sql.BasicBinder      : binding parameter [1] as [CLOB] - [테스트 상품 상세 설명8]
2023-08-20 13:47:59.661 TRACE 35396 --- [    Test worker] o.h.type.descriptor.sql.BasicBinder      : binding parameter [2] as [VARCHAR] - [테스트 상품8]
2023-08-20 13:47:59.661 TRACE 35396 --- [    Test worker] o.h.type.descriptor.sql.BasicBinder      : binding parameter [3] as [VARCHAR] - [SELL]
2023-08-20 13:47:59.661 TRACE 35396 --- [    Test worker] o.h.type.descriptor.sql.BasicBinder      : binding parameter [4] as [INTEGER] - [10008]
2023-08-20 13:47:59.661 TRACE 35396 --- [    Test worker] o.h.type.descriptor.sql.BasicBinder      : binding parameter [5] as [TIMESTAMP] - [2023-08-20T13:47:59.660916800]
2023-08-20 13:47:59.662 TRACE 35396 --- [    Test worker] o.h.type.descriptor.sql.BasicBinder      : binding parameter [6] as [INTEGER] - [100]
2023-08-20 13:47:59.662 TRACE 35396 --- [    Test worker] o.h.type.descriptor.sql.BasicBinder      : binding parameter [7] as [TIMESTAMP] - [2023-08-20T13:47:59.660916800]
2023-08-20 13:47:59.662 TRACE 35396 --- [    Test worker] o.h.type.descriptor.sql.BasicBinder      : binding parameter [8] as [BIGINT] - [28]
Hibernate: 
    call next value for hibernate_sequence
Hibernate: 
    insert 
    into
        item
        (item_detail, item_nm, item_sell_status, price, reg_time, stock_number, update_time, item_id) 
    values
        (?, ?, ?, ?, ?, ?, ?, ?)
2023-08-20 13:47:59.664 TRACE 35396 --- [    Test worker] o.h.type.descriptor.sql.BasicBinder      : binding parameter [1] as [CLOB] - [테스트 상품 상세 설명9]
2023-08-20 13:47:59.664 TRACE 35396 --- [    Test worker] o.h.type.descriptor.sql.BasicBinder      : binding parameter [2] as [VARCHAR] - [테스트 상품9]
2023-08-20 13:47:59.664 TRACE 35396 --- [    Test worker] o.h.type.descriptor.sql.BasicBinder      : binding parameter [3] as [VARCHAR] - [SELL]
2023-08-20 13:47:59.664 TRACE 35396 --- [    Test worker] o.h.type.descriptor.sql.BasicBinder      : binding parameter [4] as [INTEGER] - [10009]
2023-08-20 13:47:59.664 TRACE 35396 --- [    Test worker] o.h.type.descriptor.sql.BasicBinder      : binding parameter [5] as [TIMESTAMP] - [2023-08-20T13:47:59.662912]
2023-08-20 13:47:59.664 TRACE 35396 --- [    Test worker] o.h.type.descriptor.sql.BasicBinder      : binding parameter [6] as [INTEGER] - [100]
2023-08-20 13:47:59.664 TRACE 35396 --- [    Test worker] o.h.type.descriptor.sql.BasicBinder      : binding parameter [7] as [TIMESTAMP] - [2023-08-20T13:47:59.662912]
2023-08-20 13:47:59.664 TRACE 35396 --- [    Test worker] o.h.type.descriptor.sql.BasicBinder      : binding parameter [8] as [BIGINT] - [29]
Hibernate: 
    call next value for hibernate_sequence
Hibernate: 
    insert 
    into
        item
        (item_detail, item_nm, item_sell_status, price, reg_time, stock_number, update_time, item_id) 
    values
        (?, ?, ?, ?, ?, ?, ?, ?)
2023-08-20 13:47:59.668 TRACE 35396 --- [    Test worker] o.h.type.descriptor.sql.BasicBinder      : binding parameter [1] as [CLOB] - [테스트 상품 상세 설명10]
2023-08-20 13:47:59.668 TRACE 35396 --- [    Test worker] o.h.type.descriptor.sql.BasicBinder      : binding parameter [2] as [VARCHAR] - [테스트 상품10]
2023-08-20 13:47:59.668 TRACE 35396 --- [    Test worker] o.h.type.descriptor.sql.BasicBinder      : binding parameter [3] as [VARCHAR] - [SELL]
2023-08-20 13:47:59.669 TRACE 35396 --- [    Test worker] o.h.type.descriptor.sql.BasicBinder      : binding parameter [4] as [INTEGER] - [10010]
2023-08-20 13:47:59.669 TRACE 35396 --- [    Test worker] o.h.type.descriptor.sql.BasicBinder      : binding parameter [5] as [TIMESTAMP] - [2023-08-20T13:47:59.665902400]
2023-08-20 13:47:59.670 TRACE 35396 --- [    Test worker] o.h.type.descriptor.sql.BasicBinder      : binding parameter [6] as [INTEGER] - [100]
2023-08-20 13:47:59.670 TRACE 35396 --- [    Test worker] o.h.type.descriptor.sql.BasicBinder      : binding parameter [7] as [TIMESTAMP] - [2023-08-20T13:47:59.665902400]
2023-08-20 13:47:59.670 TRACE 35396 --- [    Test worker] o.h.type.descriptor.sql.BasicBinder      : binding parameter [8] as [BIGINT] - [30]
Hibernate: 
    select
        item0_.item_id as item_id1_0_,
        item0_.item_detail as item_det2_0_,
        item0_.item_nm as item_nm3_0_,
        item0_.item_sell_status as item_sel4_0_,
        item0_.price as price5_0_,
        item0_.reg_time as reg_time6_0_,
        item0_.stock_number as stock_nu7_0_,
        item0_.update_time as update_t8_0_ 
    from
        item item0_ 
    where
        item0_.item_nm=? 
        or item0_.item_detail=?
2023-08-20 13:47:59.682 TRACE 35396 --- [    Test worker] o.h.type.descriptor.sql.BasicBinder      : binding parameter [1] as [VARCHAR] - [테스트 상품1]
2023-08-20 13:47:59.682 TRACE 35396 --- [    Test worker] o.h.type.descriptor.sql.BasicBinder      : binding parameter [2] as [CLOB] - [테스트 상품 상세 설명5]
Item(id=1, itemNm=테스트 상품1, price=10001, stockNumber=100, itemDetail=테스트 상품 상세 설명1, itemSellStatus=SELL, regTime=2023-08-20T13:47:58.981732, updateTime=2023-08-20T13:47:58.981732)
Item(id=5, itemNm=테스트 상품5, price=10005, stockNumber=100, itemDetail=테스트 상품 상세 설명5, itemSellStatus=SELL, regTime=2023-08-20T13:47:59.165242, updateTime=2023-08-20T13:47:59.165242)
Item(id=11, itemNm=테스트 상품1, price=10001, stockNumber=100, itemDetail=테스트 상품 상세 설명1, itemSellStatus=SELL, regTime=2023-08-20T13:47:59.313845, updateTime=2023-08-20T13:47:59.313845)
Item(id=15, itemNm=테스트 상품5, price=10005, stockNumber=100, itemDetail=테스트 상품 상세 설명5, itemSellStatus=SELL, regTime=2023-08-20T13:47:59.413577, updateTime=2023-08-20T13:47:59.413577)
Item(id=21, itemNm=테스트 상품1, price=10001, stockNumber=100, itemDetail=테스트 상품 상세 설명1, itemSellStatus=SELL, regTime=2023-08-20T13:47:59.617034, updateTime=2023-08-20T13:47:59.617034)
Item(id=25, itemNm=테스트 상품5, price=10005, stockNumber=100, itemDetail=테스트 상품 상세 설명5, itemSellStatus=SELL, regTime=2023-08-20T13:47:59.645956, updateTime=2023-08-20T13:47:59.645956)
Hibernate: 
    call next value for hibernate_sequence
Hibernate: 
    insert 
    into
        item
        (item_detail, item_nm, item_sell_status, price, reg_time, stock_number, update_time, item_id) 
    values
        (?, ?, ?, ?, ?, ?, ?, ?)
2023-08-20 13:47:59.735 TRACE 35396 --- [    Test worker] o.h.type.descriptor.sql.BasicBinder      : binding parameter [1] as [CLOB] - [테스트 상품 상세 설명1]
2023-08-20 13:47:59.736 TRACE 35396 --- [    Test worker] o.h.type.descriptor.sql.BasicBinder      : binding parameter [2] as [VARCHAR] - [테스트 상품1]
2023-08-20 13:47:59.736 TRACE 35396 --- [    Test worker] o.h.type.descriptor.sql.BasicBinder      : binding parameter [3] as [VARCHAR] - [SELL]
2023-08-20 13:47:59.736 TRACE 35396 --- [    Test worker] o.h.type.descriptor.sql.BasicBinder      : binding parameter [4] as [INTEGER] - [10001]
2023-08-20 13:47:59.736 TRACE 35396 --- [    Test worker] o.h.type.descriptor.sql.BasicBinder      : binding parameter [5] as [TIMESTAMP] - [2023-08-20T13:47:59.731726800]
2023-08-20 13:47:59.736 TRACE 35396 --- [    Test worker] o.h.type.descriptor.sql.BasicBinder      : binding parameter [6] as [INTEGER] - [100]
2023-08-20 13:47:59.744 TRACE 35396 --- [    Test worker] o.h.type.descriptor.sql.BasicBinder      : binding parameter [7] as [TIMESTAMP] - [2023-08-20T13:47:59.731726800]
2023-08-20 13:47:59.761 TRACE 35396 --- [    Test worker] o.h.type.descriptor.sql.BasicBinder      : binding parameter [8] as [BIGINT] - [31]
Hibernate: 
    call next value for hibernate_sequence
Hibernate: 
    insert 
    into
        item
        (item_detail, item_nm, item_sell_status, price, reg_time, stock_number, update_time, item_id) 
    values
        (?, ?, ?, ?, ?, ?, ?, ?)
2023-08-20 13:47:59.773 TRACE 35396 --- [    Test worker] o.h.type.descriptor.sql.BasicBinder      : binding parameter [1] as [CLOB] - [테스트 상품 상세 설명2]
2023-08-20 13:47:59.773 TRACE 35396 --- [    Test worker] o.h.type.descriptor.sql.BasicBinder      : binding parameter [2] as [VARCHAR] - [테스트 상품2]
2023-08-20 13:47:59.773 TRACE 35396 --- [    Test worker] o.h.type.descriptor.sql.BasicBinder      : binding parameter [3] as [VARCHAR] - [SELL]
2023-08-20 13:47:59.773 TRACE 35396 --- [    Test worker] o.h.type.descriptor.sql.BasicBinder      : binding parameter [4] as [INTEGER] - [10002]
2023-08-20 13:47:59.773 TRACE 35396 --- [    Test worker] o.h.type.descriptor.sql.BasicBinder      : binding parameter [5] as [TIMESTAMP] - [2023-08-20T13:47:59.771620900]
2023-08-20 13:47:59.775 TRACE 35396 --- [    Test worker] o.h.type.descriptor.sql.BasicBinder      : binding parameter [6] as [INTEGER] - [100]
2023-08-20 13:47:59.775 TRACE 35396 --- [    Test worker] o.h.type.descriptor.sql.BasicBinder      : binding parameter [7] as [TIMESTAMP] - [2023-08-20T13:47:59.771620900]
2023-08-20 13:47:59.776 TRACE 35396 --- [    Test worker] o.h.type.descriptor.sql.BasicBinder      : binding parameter [8] as [BIGINT] - [32]
Hibernate: 
    call next value for hibernate_sequence
Hibernate: 
    insert 
    into
        item
        (item_detail, item_nm, item_sell_status, price, reg_time, stock_number, update_time, item_id) 
    values
        (?, ?, ?, ?, ?, ?, ?, ?)
2023-08-20 13:47:59.811 TRACE 35396 --- [    Test worker] o.h.type.descriptor.sql.BasicBinder      : binding parameter [1] as [CLOB] - [테스트 상품 상세 설명3]
2023-08-20 13:47:59.811 TRACE 35396 --- [    Test worker] o.h.type.descriptor.sql.BasicBinder      : binding parameter [2] as [VARCHAR] - [테스트 상품3]
2023-08-20 13:47:59.812 TRACE 35396 --- [    Test worker] o.h.type.descriptor.sql.BasicBinder      : binding parameter [3] as [VARCHAR] - [SELL]
2023-08-20 13:47:59.812 TRACE 35396 --- [    Test worker] o.h.type.descriptor.sql.BasicBinder      : binding parameter [4] as [INTEGER] - [10003]
2023-08-20 13:47:59.812 TRACE 35396 --- [    Test worker] o.h.type.descriptor.sql.BasicBinder      : binding parameter [5] as [TIMESTAMP] - [2023-08-20T13:47:59.776607200]
2023-08-20 13:47:59.812 TRACE 35396 --- [    Test worker] o.h.type.descriptor.sql.BasicBinder      : binding parameter [6] as [INTEGER] - [100]
2023-08-20 13:47:59.813 TRACE 35396 --- [    Test worker] o.h.type.descriptor.sql.BasicBinder      : binding parameter [7] as [TIMESTAMP] - [2023-08-20T13:47:59.776607200]
2023-08-20 13:47:59.813 TRACE 35396 --- [    Test worker] o.h.type.descriptor.sql.BasicBinder      : binding parameter [8] as [BIGINT] - [33]
Hibernate: 
    call next value for hibernate_sequence
Hibernate: 
    insert 
    into
        item
        (item_detail, item_nm, item_sell_status, price, reg_time, stock_number, update_time, item_id) 
    values
        (?, ?, ?, ?, ?, ?, ?, ?)
2023-08-20 13:47:59.846 TRACE 35396 --- [    Test worker] o.h.type.descriptor.sql.BasicBinder      : binding parameter [1] as [CLOB] - [테스트 상품 상세 설명4]
2023-08-20 13:47:59.846 TRACE 35396 --- [    Test worker] o.h.type.descriptor.sql.BasicBinder      : binding parameter [2] as [VARCHAR] - [테스트 상품4]
2023-08-20 13:47:59.846 TRACE 35396 --- [    Test worker] o.h.type.descriptor.sql.BasicBinder      : binding parameter [3] as [VARCHAR] - [SELL]
2023-08-20 13:47:59.846 TRACE 35396 --- [    Test worker] o.h.type.descriptor.sql.BasicBinder      : binding parameter [4] as [INTEGER] - [10004]
2023-08-20 13:47:59.846 TRACE 35396 --- [    Test worker] o.h.type.descriptor.sql.BasicBinder      : binding parameter [5] as [TIMESTAMP] - [2023-08-20T13:47:59.828468600]
2023-08-20 13:47:59.846 TRACE 35396 --- [    Test worker] o.h.type.descriptor.sql.BasicBinder      : binding parameter [6] as [INTEGER] - [100]
2023-08-20 13:47:59.847 TRACE 35396 --- [    Test worker] o.h.type.descriptor.sql.BasicBinder      : binding parameter [7] as [TIMESTAMP] - [2023-08-20T13:47:59.828468600]
2023-08-20 13:47:59.847 TRACE 35396 --- [    Test worker] o.h.type.descriptor.sql.BasicBinder      : binding parameter [8] as [BIGINT] - [34]
Hibernate: 
    call next value for hibernate_sequence
Hibernate: 
    insert 
    into
        item
        (item_detail, item_nm, item_sell_status, price, reg_time, stock_number, update_time, item_id) 
    values
        (?, ?, ?, ?, ?, ?, ?, ?)
2023-08-20 13:47:59.853 TRACE 35396 --- [    Test worker] o.h.type.descriptor.sql.BasicBinder      : binding parameter [1] as [CLOB] - [테스트 상품 상세 설명5]
2023-08-20 13:47:59.855 TRACE 35396 --- [    Test worker] o.h.type.descriptor.sql.BasicBinder      : binding parameter [2] as [VARCHAR] - [테스트 상품5]
2023-08-20 13:47:59.855 TRACE 35396 --- [    Test worker] o.h.type.descriptor.sql.BasicBinder      : binding parameter [3] as [VARCHAR] - [SELL]
2023-08-20 13:47:59.855 TRACE 35396 --- [    Test worker] o.h.type.descriptor.sql.BasicBinder      : binding parameter [4] as [INTEGER] - [10005]
2023-08-20 13:47:59.855 TRACE 35396 --- [    Test worker] o.h.type.descriptor.sql.BasicBinder      : binding parameter [5] as [TIMESTAMP] - [2023-08-20T13:47:59.849413800]
2023-08-20 13:47:59.855 TRACE 35396 --- [    Test worker] o.h.type.descriptor.sql.BasicBinder      : binding parameter [6] as [INTEGER] - [100]
2023-08-20 13:47:59.856 TRACE 35396 --- [    Test worker] o.h.type.descriptor.sql.BasicBinder      : binding parameter [7] as [TIMESTAMP] - [2023-08-20T13:47:59.849413800]
2023-08-20 13:47:59.856 TRACE 35396 --- [    Test worker] o.h.type.descriptor.sql.BasicBinder      : binding parameter [8] as [BIGINT] - [35]
Hibernate: 
    call next value for hibernate_sequence
Hibernate: 
    insert 
    into
        item
        (item_detail, item_nm, item_sell_status, price, reg_time, stock_number, update_time, item_id) 
    values
        (?, ?, ?, ?, ?, ?, ?, ?)
2023-08-20 13:47:59.864 TRACE 35396 --- [    Test worker] o.h.type.descriptor.sql.BasicBinder      : binding parameter [1] as [CLOB] - [테스트 상품 상세 설명6]
2023-08-20 13:47:59.864 TRACE 35396 --- [    Test worker] o.h.type.descriptor.sql.BasicBinder      : binding parameter [2] as [VARCHAR] - [테스트 상품6]
2023-08-20 13:47:59.864 TRACE 35396 --- [    Test worker] o.h.type.descriptor.sql.BasicBinder      : binding parameter [3] as [VARCHAR] - [SELL]
2023-08-20 13:47:59.865 TRACE 35396 --- [    Test worker] o.h.type.descriptor.sql.BasicBinder      : binding parameter [4] as [INTEGER] - [10006]
2023-08-20 13:47:59.865 TRACE 35396 --- [    Test worker] o.h.type.descriptor.sql.BasicBinder      : binding parameter [5] as [TIMESTAMP] - [2023-08-20T13:47:59.857393]
2023-08-20 13:47:59.865 TRACE 35396 --- [    Test worker] o.h.type.descriptor.sql.BasicBinder      : binding parameter [6] as [INTEGER] - [100]
2023-08-20 13:47:59.865 TRACE 35396 --- [    Test worker] o.h.type.descriptor.sql.BasicBinder      : binding parameter [7] as [TIMESTAMP] - [2023-08-20T13:47:59.857393]
2023-08-20 13:47:59.865 TRACE 35396 --- [    Test worker] o.h.type.descriptor.sql.BasicBinder      : binding parameter [8] as [BIGINT] - [36]
Hibernate: 
    call next value for hibernate_sequence
Hibernate: 
    insert 
    into
        item
        (item_detail, item_nm, item_sell_status, price, reg_time, stock_number, update_time, item_id) 
    values
        (?, ?, ?, ?, ?, ?, ?, ?)
2023-08-20 13:47:59.868 TRACE 35396 --- [    Test worker] o.h.type.descriptor.sql.BasicBinder      : binding parameter [1] as [CLOB] - [테스트 상품 상세 설명7]
2023-08-20 13:47:59.868 TRACE 35396 --- [    Test worker] o.h.type.descriptor.sql.BasicBinder      : binding parameter [2] as [VARCHAR] - [테스트 상품7]
2023-08-20 13:47:59.868 TRACE 35396 --- [    Test worker] o.h.type.descriptor.sql.BasicBinder      : binding parameter [3] as [VARCHAR] - [SELL]
2023-08-20 13:47:59.868 TRACE 35396 --- [    Test worker] o.h.type.descriptor.sql.BasicBinder      : binding parameter [4] as [INTEGER] - [10007]
2023-08-20 13:47:59.869 TRACE 35396 --- [    Test worker] o.h.type.descriptor.sql.BasicBinder      : binding parameter [5] as [TIMESTAMP] - [2023-08-20T13:47:59.866366900]
2023-08-20 13:47:59.869 TRACE 35396 --- [    Test worker] o.h.type.descriptor.sql.BasicBinder      : binding parameter [6] as [INTEGER] - [100]
2023-08-20 13:47:59.869 TRACE 35396 --- [    Test worker] o.h.type.descriptor.sql.BasicBinder      : binding parameter [7] as [TIMESTAMP] - [2023-08-20T13:47:59.866366900]
2023-08-20 13:47:59.869 TRACE 35396 --- [    Test worker] o.h.type.descriptor.sql.BasicBinder      : binding parameter [8] as [BIGINT] - [37]
Hibernate: 
    call next value for hibernate_sequence
Hibernate: 
    insert 
    into
        item
        (item_detail, item_nm, item_sell_status, price, reg_time, stock_number, update_time, item_id) 
    values
        (?, ?, ?, ?, ?, ?, ?, ?)
2023-08-20 13:47:59.872 TRACE 35396 --- [    Test worker] o.h.type.descriptor.sql.BasicBinder      : binding parameter [1] as [CLOB] - [테스트 상품 상세 설명8]
2023-08-20 13:47:59.872 TRACE 35396 --- [    Test worker] o.h.type.descriptor.sql.BasicBinder      : binding parameter [2] as [VARCHAR] - [테스트 상품8]
2023-08-20 13:47:59.872 TRACE 35396 --- [    Test worker] o.h.type.descriptor.sql.BasicBinder      : binding parameter [3] as [VARCHAR] - [SELL]
2023-08-20 13:47:59.872 TRACE 35396 --- [    Test worker] o.h.type.descriptor.sql.BasicBinder      : binding parameter [4] as [INTEGER] - [10008]
2023-08-20 13:47:59.872 TRACE 35396 --- [    Test worker] o.h.type.descriptor.sql.BasicBinder      : binding parameter [5] as [TIMESTAMP] - [2023-08-20T13:47:59.870356]
2023-08-20 13:47:59.872 TRACE 35396 --- [    Test worker] o.h.type.descriptor.sql.BasicBinder      : binding parameter [6] as [INTEGER] - [100]
2023-08-20 13:47:59.872 TRACE 35396 --- [    Test worker] o.h.type.descriptor.sql.BasicBinder      : binding parameter [7] as [TIMESTAMP] - [2023-08-20T13:47:59.870356]
2023-08-20 13:47:59.873 TRACE 35396 --- [    Test worker] o.h.type.descriptor.sql.BasicBinder      : binding parameter [8] as [BIGINT] - [38]
Hibernate: 
    call next value for hibernate_sequence
Hibernate: 
    insert 
    into
        item
        (item_detail, item_nm, item_sell_status, price, reg_time, stock_number, update_time, item_id) 
    values
        (?, ?, ?, ?, ?, ?, ?, ?)
2023-08-20 13:47:59.948 TRACE 35396 --- [    Test worker] o.h.type.descriptor.sql.BasicBinder      : binding parameter [1] as [CLOB] - [테스트 상품 상세 설명9]
2023-08-20 13:47:59.949 TRACE 35396 --- [    Test worker] o.h.type.descriptor.sql.BasicBinder      : binding parameter [2] as [VARCHAR] - [테스트 상품9]
2023-08-20 13:47:59.949 TRACE 35396 --- [    Test worker] o.h.type.descriptor.sql.BasicBinder      : binding parameter [3] as [VARCHAR] - [SELL]
2023-08-20 13:47:59.949 TRACE 35396 --- [    Test worker] o.h.type.descriptor.sql.BasicBinder      : binding parameter [4] as [INTEGER] - [10009]
2023-08-20 13:47:59.949 TRACE 35396 --- [    Test worker] o.h.type.descriptor.sql.BasicBinder      : binding parameter [5] as [TIMESTAMP] - [2023-08-20T13:47:59.889306400]
2023-08-20 13:47:59.949 TRACE 35396 --- [    Test worker] o.h.type.descriptor.sql.BasicBinder      : binding parameter [6] as [INTEGER] - [100]
2023-08-20 13:47:59.949 TRACE 35396 --- [    Test worker] o.h.type.descriptor.sql.BasicBinder      : binding parameter [7] as [TIMESTAMP] - [2023-08-20T13:47:59.889306400]
2023-08-20 13:47:59.949 TRACE 35396 --- [    Test worker] o.h.type.descriptor.sql.BasicBinder      : binding parameter [8] as [BIGINT] - [39]
Hibernate: 
    call next value for hibernate_sequence
Hibernate: 
    insert 
    into
        item
        (item_detail, item_nm, item_sell_status, price, reg_time, stock_number, update_time, item_id) 
    values
        (?, ?, ?, ?, ?, ?, ?, ?)
2023-08-20 13:47:59.959 TRACE 35396 --- [    Test worker] o.h.type.descriptor.sql.BasicBinder      : binding parameter [1] as [CLOB] - [테스트 상품 상세 설명10]
2023-08-20 13:47:59.959 TRACE 35396 --- [    Test worker] o.h.type.descriptor.sql.BasicBinder      : binding parameter [2] as [VARCHAR] - [테스트 상품10]
2023-08-20 13:47:59.959 TRACE 35396 --- [    Test worker] o.h.type.descriptor.sql.BasicBinder      : binding parameter [3] as [VARCHAR] - [SELL]
2023-08-20 13:47:59.959 TRACE 35396 --- [    Test worker] o.h.type.descriptor.sql.BasicBinder      : binding parameter [4] as [INTEGER] - [10010]
2023-08-20 13:47:59.959 TRACE 35396 --- [    Test worker] o.h.type.descriptor.sql.BasicBinder      : binding parameter [5] as [TIMESTAMP] - [2023-08-20T13:47:59.955130]
2023-08-20 13:47:59.959 TRACE 35396 --- [    Test worker] o.h.type.descriptor.sql.BasicBinder      : binding parameter [6] as [INTEGER] - [100]
2023-08-20 13:47:59.959 TRACE 35396 --- [    Test worker] o.h.type.descriptor.sql.BasicBinder      : binding parameter [7] as [TIMESTAMP] - [2023-08-20T13:47:59.955130]
2023-08-20 13:47:59.960 TRACE 35396 --- [    Test worker] o.h.type.descriptor.sql.BasicBinder      : binding parameter [8] as [BIGINT] - [40]
Hibernate: 
    select
        item0_.item_id as item_id1_0_,
        item0_.item_detail as item_det2_0_,
        item0_.item_nm as item_nm3_0_,
        item0_.item_sell_status as item_sel4_0_,
        item0_.price as price5_0_,
        item0_.reg_time as reg_time6_0_,
        item0_.stock_number as stock_nu7_0_,
        item0_.update_time as update_t8_0_ 
    from
        item item0_ 
    where
        item0_.price<?
2023-08-20 13:47:59.988 TRACE 35396 --- [    Test worker] o.h.type.descriptor.sql.BasicBinder      : binding parameter [1] as [INTEGER] - [10005]
Item(id=1, itemNm=테스트 상품1, price=10001, stockNumber=100, itemDetail=테스트 상품 상세 설명1, itemSellStatus=SELL, regTime=2023-08-20T13:47:58.981732, updateTime=2023-08-20T13:47:58.981732)
Item(id=2, itemNm=테스트 상품2, price=10002, stockNumber=100, itemDetail=테스트 상품 상세 설명2, itemSellStatus=SELL, regTime=2023-08-20T13:47:59.128340, updateTime=2023-08-20T13:47:59.128340)
Item(id=3, itemNm=테스트 상품3, price=10003, stockNumber=100, itemDetail=테스트 상품 상세 설명3, itemSellStatus=SELL, regTime=2023-08-20T13:47:59.138314, updateTime=2023-08-20T13:47:59.138314)
Item(id=4, itemNm=테스트 상품4, price=10004, stockNumber=100, itemDetail=테스트 상품 상세 설명4, itemSellStatus=SELL, regTime=2023-08-20T13:47:59.150282, updateTime=2023-08-20T13:47:59.150282)
Item(id=11, itemNm=테스트 상품1, price=10001, stockNumber=100, itemDetail=테스트 상품 상세 설명1, itemSellStatus=SELL, regTime=2023-08-20T13:47:59.313845, updateTime=2023-08-20T13:47:59.313845)
Item(id=12, itemNm=테스트 상품2, price=10002, stockNumber=100, itemDetail=테스트 상품 상세 설명2, itemSellStatus=SELL, regTime=2023-08-20T13:47:59.319828, updateTime=2023-08-20T13:47:59.319828)
Item(id=13, itemNm=테스트 상품3, price=10003, stockNumber=100, itemDetail=테스트 상품 상세 설명3, itemSellStatus=SELL, regTime=2023-08-20T13:47:59.334788, updateTime=2023-08-20T13:47:59.334788)
Item(id=14, itemNm=테스트 상품4, price=10004, stockNumber=100, itemDetail=테스트 상품 상세 설명4, itemSellStatus=SELL, regTime=2023-08-20T13:47:59.351742, updateTime=2023-08-20T13:47:59.351742)
Item(id=21, itemNm=테스트 상품1, price=10001, stockNumber=100, itemDetail=테스트 상품 상세 설명1, itemSellStatus=SELL, regTime=2023-08-20T13:47:59.617034, updateTime=2023-08-20T13:47:59.617034)
Item(id=22, itemNm=테스트 상품2, price=10002, stockNumber=100, itemDetail=테스트 상품 상세 설명2, itemSellStatus=SELL, regTime=2023-08-20T13:47:59.624017, updateTime=2023-08-20T13:47:59.624017)
Item(id=23, itemNm=테스트 상품3, price=10003, stockNumber=100, itemDetail=테스트 상품 상세 설명3, itemSellStatus=SELL, regTime=2023-08-20T13:47:59.629001, updateTime=2023-08-20T13:47:59.629001)
Item(id=24, itemNm=테스트 상품4, price=10004, stockNumber=100, itemDetail=테스트 상품 상세 설명4, itemSellStatus=SELL, regTime=2023-08-20T13:47:59.639971, updateTime=2023-08-20T13:47:59.639971)
Item(id=31, itemNm=테스트 상품1, price=10001, stockNumber=100, itemDetail=테스트 상품 상세 설명1, itemSellStatus=SELL, regTime=2023-08-20T13:47:59.731727, updateTime=2023-08-20T13:47:59.731727)
Item(id=32, itemNm=테스트 상품2, price=10002, stockNumber=100, itemDetail=테스트 상품 상세 설명2, itemSellStatus=SELL, regTime=2023-08-20T13:47:59.771621, updateTime=2023-08-20T13:47:59.771621)
Item(id=33, itemNm=테스트 상품3, price=10003, stockNumber=100, itemDetail=테스트 상품 상세 설명3, itemSellStatus=SELL, regTime=2023-08-20T13:47:59.776607, updateTime=2023-08-20T13:47:59.776607)
Item(id=34, itemNm=테스트 상품4, price=10004, stockNumber=100, itemDetail=테스트 상품 상세 설명4, itemSellStatus=SELL, regTime=2023-08-20T13:47:59.828469, updateTime=2023-08-20T13:47:59.828469)
Hibernate: 
    call next value for hibernate_sequence
Hibernate: 
    insert 
    into
        item
        (item_detail, item_nm, item_sell_status, price, reg_time, stock_number, update_time, item_id) 
    values
        (?, ?, ?, ?, ?, ?, ?, ?)
2023-08-20 13:48:00.026 TRACE 35396 --- [    Test worker] o.h.type.descriptor.sql.BasicBinder      : binding parameter [1] as [CLOB] - [테스트 상품 상세 설명1]
2023-08-20 13:48:00.026 TRACE 35396 --- [    Test worker] o.h.type.descriptor.sql.BasicBinder      : binding parameter [2] as [VARCHAR] - [테스트 상품1]
2023-08-20 13:48:00.027 TRACE 35396 --- [    Test worker] o.h.type.descriptor.sql.BasicBinder      : binding parameter [3] as [VARCHAR] - [SELL]
2023-08-20 13:48:00.029 TRACE 35396 --- [    Test worker] o.h.type.descriptor.sql.BasicBinder      : binding parameter [4] as [INTEGER] - [10001]
2023-08-20 13:48:00.029 TRACE 35396 --- [    Test worker] o.h.type.descriptor.sql.BasicBinder      : binding parameter [5] as [TIMESTAMP] - [2023-08-20T13:48:00.024943300]
2023-08-20 13:48:00.030 TRACE 35396 --- [    Test worker] o.h.type.descriptor.sql.BasicBinder      : binding parameter [6] as [INTEGER] - [100]
2023-08-20 13:48:00.030 TRACE 35396 --- [    Test worker] o.h.type.descriptor.sql.BasicBinder      : binding parameter [7] as [TIMESTAMP] - [2023-08-20T13:48:00.024943300]
2023-08-20 13:48:00.031 TRACE 35396 --- [    Test worker] o.h.type.descriptor.sql.BasicBinder      : binding parameter [8] as [BIGINT] - [41]
Hibernate: 
    call next value for hibernate_sequence
Hibernate: 
    insert 
    into
        item
        (item_detail, item_nm, item_sell_status, price, reg_time, stock_number, update_time, item_id) 
    values
        (?, ?, ?, ?, ?, ?, ?, ?)
2023-08-20 13:48:00.038 TRACE 35396 --- [    Test worker] o.h.type.descriptor.sql.BasicBinder      : binding parameter [1] as [CLOB] - [테스트 상품 상세 설명2]
2023-08-20 13:48:00.039 TRACE 35396 --- [    Test worker] o.h.type.descriptor.sql.BasicBinder      : binding parameter [2] as [VARCHAR] - [테스트 상품2]
2023-08-20 13:48:00.039 TRACE 35396 --- [    Test worker] o.h.type.descriptor.sql.BasicBinder      : binding parameter [3] as [VARCHAR] - [SELL]
2023-08-20 13:48:00.039 TRACE 35396 --- [    Test worker] o.h.type.descriptor.sql.BasicBinder      : binding parameter [4] as [INTEGER] - [10002]
2023-08-20 13:48:00.039 TRACE 35396 --- [    Test worker] o.h.type.descriptor.sql.BasicBinder      : binding parameter [5] as [TIMESTAMP] - [2023-08-20T13:48:00.035913600]
2023-08-20 13:48:00.039 TRACE 35396 --- [    Test worker] o.h.type.descriptor.sql.BasicBinder      : binding parameter [6] as [INTEGER] - [100]
2023-08-20 13:48:00.039 TRACE 35396 --- [    Test worker] o.h.type.descriptor.sql.BasicBinder      : binding parameter [7] as [TIMESTAMP] - [2023-08-20T13:48:00.035913600]
2023-08-20 13:48:00.039 TRACE 35396 --- [    Test worker] o.h.type.descriptor.sql.BasicBinder      : binding parameter [8] as [BIGINT] - [42]
Hibernate: 
    call next value for hibernate_sequence
Hibernate: 
    insert 
    into
        item
        (item_detail, item_nm, item_sell_status, price, reg_time, stock_number, update_time, item_id) 
    values
        (?, ?, ?, ?, ?, ?, ?, ?)
2023-08-20 13:48:00.046 TRACE 35396 --- [    Test worker] o.h.type.descriptor.sql.BasicBinder      : binding parameter [1] as [CLOB] - [테스트 상품 상세 설명3]
2023-08-20 13:48:00.047 TRACE 35396 --- [    Test worker] o.h.type.descriptor.sql.BasicBinder      : binding parameter [2] as [VARCHAR] - [테스트 상품3]
2023-08-20 13:48:00.047 TRACE 35396 --- [    Test worker] o.h.type.descriptor.sql.BasicBinder      : binding parameter [3] as [VARCHAR] - [SELL]
2023-08-20 13:48:00.047 TRACE 35396 --- [    Test worker] o.h.type.descriptor.sql.BasicBinder      : binding parameter [4] as [INTEGER] - [10003]
2023-08-20 13:48:00.047 TRACE 35396 --- [    Test worker] o.h.type.descriptor.sql.BasicBinder      : binding parameter [5] as [TIMESTAMP] - [2023-08-20T13:48:00.041897300]
2023-08-20 13:48:00.047 TRACE 35396 --- [    Test worker] o.h.type.descriptor.sql.BasicBinder      : binding parameter [6] as [INTEGER] - [100]
2023-08-20 13:48:00.047 TRACE 35396 --- [    Test worker] o.h.type.descriptor.sql.BasicBinder      : binding parameter [7] as [TIMESTAMP] - [2023-08-20T13:48:00.041897300]
[...]
Item(id=11, itemNm=테스트 상품1, price=10001, stockNumber=100, itemDetail=테스트 상품 상세 설명1, itemSellStatus=SELL, regTime=2023-08-20T13:47:59.313845, updateTime=2023-08-20T13:47:59.313845)
Item(id=21, itemNm=테스트 상품1, price=10001, stockNumber=100, itemDetail=테스트 상품 상세 설명1, itemSellStatus=SELL, regTime=2023-08-20T13:47:59.617034, updateTime=2023-08-20T13:47:59.617034)
Item(id=31, itemNm=테스트 상품1, price=10001, stockNumber=100, itemDetail=테스트 상품 상세 설명1, itemSellStatus=SELL, regTime=2023-08-20T13:47:59.731727, updateTime=2023-08-20T13:47:59.731727)
Item(id=41, itemNm=테스트 상품1, price=10001, stockNumber=100, itemDetail=테스트 상품 상세 설명1, itemSellStatus=SELL, regTime=2023-08-20T13:48:00.024943, updateTime=2023-08-20T13:48:00.024943)
Item(id=51, itemNm=테스트 상품1, price=10001, stockNumber=100, itemDetail=테스트 상품 상세 설명1, itemSellStatus=SELL, regTime=2023-08-20T13:48:00.105728, updateTime=2023-08-20T13:48:00.105728)
Hibernate: 
    call next value for hibernate_sequence
Hibernate: 
    insert 
    into
        item
        (item_detail, item_nm, item_sell_status, price, reg_time, stock_number, update_time, item_id) 
    values
        (?, ?, ?, ?, ?, ?, ?, ?)
2023-08-20 13:48:00.344 TRACE 35396 --- [    Test worker] o.h.type.descriptor.sql.BasicBinder      : binding parameter [1] as [CLOB] - [테스트 상품 상세 설명]
2023-08-20 13:48:00.345 TRACE 35396 --- [    Test worker] o.h.type.descriptor.sql.BasicBinder      : binding parameter [2] as [VARCHAR] - [테스트 상품]
2023-08-20 13:48:00.346 TRACE 35396 --- [    Test worker] o.h.type.descriptor.sql.BasicBinder      : binding parameter [3] as [VARCHAR] - [SELL]
2023-08-20 13:48:00.346 TRACE 35396 --- [    Test worker] o.h.type.descriptor.sql.BasicBinder      : binding parameter [4] as [INTEGER] - [10000]
2023-08-20 13:48:00.346 TRACE 35396 --- [    Test worker] o.h.type.descriptor.sql.BasicBinder      : binding parameter [5] as [TIMESTAMP] - [2023-08-20T13:48:00.343092900]
2023-08-20 13:48:00.346 TRACE 35396 --- [    Test worker] o.h.type.descriptor.sql.BasicBinder      : binding parameter [6] as [INTEGER] - [100]
2023-08-20 13:48:00.346 TRACE 35396 --- [    Test worker] o.h.type.descriptor.sql.BasicBinder      : binding parameter [7] as [TIMESTAMP] - [2023-08-20T13:48:00.343092900]
2023-08-20 13:48:00.347 TRACE 35396 --- [    Test worker] o.h.type.descriptor.sql.BasicBinder      : binding parameter [8] as [BIGINT] - [61]
Item(id=61, itemNm=테스트 상품, price=10000, stockNumber=100, itemDetail=테스트 상품 상세 설명, itemSellStatus=SELL, regTime=2023-08-20T13:48:00.343092900, updateTime=2023-08-20T13:48:00.343092900)
Hibernate: 
    call next value for hibernate_sequence
Hibernate: 
    insert 
    into
        item
        (item_detail, item_nm, item_sell_status, price, reg_time, stock_number, update_time, item_id) 
    values
        (?, ?, ?, ?, ?, ?, ?, ?)
2023-08-20 13:48:00.366 TRACE 35396 --- [    Test worker] o.h.type.descriptor.sql.BasicBinder      : binding parameter [1] as [CLOB] - [테스트 상품 상세 설명1]
2023-08-20 13:48:00.366 TRACE 35396 --- [    Test worker] o.h.type.descriptor.sql.BasicBinder      : binding parameter [2] as [VARCHAR] - [테스트 상품1]
2023-08-20 13:48:00.366 TRACE 35396 --- [    Test worker] o.h.type.descriptor.sql.BasicBinder      : binding parameter [3] as [VARCHAR] - [SELL]
2023-08-20 13:48:00.366 TRACE 35396 --- [    Test worker] o.h.type.descriptor.sql.BasicBinder      : binding parameter [4] as [INTEGER] - [10001]
2023-08-20 13:48:00.367 TRACE 35396 --- [    Test worker] o.h.type.descriptor.sql.BasicBinder      : binding parameter [5] as [TIMESTAMP] - [2023-08-20T13:48:00.364036700]
2023-08-20 13:48:00.368 TRACE 35396 --- [    Test worker] o.h.type.descriptor.sql.BasicBinder      : binding parameter [6] as [INTEGER] - [100]
2023-08-20 13:48:00.368 TRACE 35396 --- [    Test worker] o.h.type.descriptor.sql.BasicBinder      : binding parameter [7] as [TIMESTAMP] - [2023-08-20T13:48:00.364036700]
2023-08-20 13:48:00.368 TRACE 35396 --- [    Test worker] o.h.type.descriptor.sql.BasicBinder      : binding parameter [8] as [BIGINT] - [62]
Hibernate: 
    call next value for hibernate_sequence
Hibernate: 
    insert 
    into
        item
        (item_detail, item_nm, item_sell_status, price, reg_time, stock_number, update_time, item_id) 
    values
        (?, ?, ?, ?, ?, ?, ?, ?)
2023-08-20 13:48:00.394 TRACE 35396 --- [    Test worker] o.h.type.descriptor.sql.BasicBinder      : binding parameter [1] as [CLOB] - [테스트 상품 상세 설명2]
2023-08-20 13:48:00.395 TRACE 35396 --- [    Test worker] o.h.type.descriptor.sql.BasicBinder      : binding parameter [2] as [VARCHAR] - [테스트 상품2]
2023-08-20 13:48:00.395 TRACE 35396 --- [    Test worker] o.h.type.descriptor.sql.BasicBinder      : binding parameter [3] as [VARCHAR] - [SELL]
2023-08-20 13:48:00.395 TRACE 35396 --- [    Test worker] o.h.type.descriptor.sql.BasicBinder      : binding parameter [4] as [INTEGER] - [10002]
2023-08-20 13:48:00.395 TRACE 35396 --- [    Test worker] o.h.type.descriptor.sql.BasicBinder      : binding parameter [5] as [TIMESTAMP] - [2023-08-20T13:48:00.369022800]
2023-08-20 13:48:00.396 TRACE 35396 --- [    Test worker] o.h.type.descriptor.sql.BasicBinder      : binding parameter [6] as [INTEGER] - [100]
2023-08-20 13:48:00.403 TRACE 35396 --- [    Test worker] o.h.type.descriptor.sql.BasicBinder      : binding parameter [7] as [TIMESTAMP] - [2023-08-20T13:48:00.369022800]
2023-08-20 13:48:00.404 TRACE 35396 --- [    Test worker] o.h.type.descriptor.sql.BasicBinder      : binding parameter [8] as [BIGINT] - [63]
Hibernate: 
    call next value for hibernate_sequence
Hibernate: 
    insert 
    into
        item
        (item_detail, item_nm, item_sell_status, price, reg_time, stock_number, update_time, item_id) 
    values
        (?, ?, ?, ?, ?, ?, ?, ?)
2023-08-20 13:48:00.414 TRACE 35396 --- [    Test worker] o.h.type.descriptor.sql.BasicBinder      : binding parameter [1] as [CLOB] - [테스트 상품 상세 설명3]
2023-08-20 13:48:00.414 TRACE 35396 --- [    Test worker] o.h.type.descriptor.sql.BasicBinder      : binding parameter [2] as [VARCHAR] - [테스트 상품3]
2023-08-20 13:48:00.414 TRACE 35396 --- [    Test worker] o.h.type.descriptor.sql.BasicBinder      : binding parameter [3] as [VARCHAR] - [SELL]
2023-08-20 13:48:00.414 TRACE 35396 --- [    Test worker] o.h.type.descriptor.sql.BasicBinder      : binding parameter [4] as [INTEGER] - [10003]
2023-08-20 13:48:00.415 TRACE 35396 --- [    Test worker] o.h.type.descriptor.sql.BasicBinder      : binding parameter [5] as [TIMESTAMP] - [2023-08-20T13:48:00.409913300]
2023-08-20 13:48:00.415 TRACE 35396 --- [    Test worker] o.h.type.descriptor.sql.BasicBinder      : binding parameter [6] as [INTEGER] - [100]
2023-08-20 13:48:00.415 TRACE 35396 --- [    Test worker] o.h.type.descriptor.sql.BasicBinder      : binding parameter [7] as [TIMESTAMP] - [2023-08-20T13:48:00.409913300]
2023-08-20 13:48:00.415 TRACE 35396 --- [    Test worker] o.h.type.descriptor.sql.BasicBinder      : binding parameter [8] as [BIGINT] - [64]
Hibernate: 
    call next value for hibernate_sequence
Hibernate: 
    insert 
    into
        item
        (item_detail, item_nm, item_sell_status, price, reg_time, stock_number, update_time, item_id) 
    values
        (?, ?, ?, ?, ?, ?, ?, ?)
2023-08-20 13:48:00.420 TRACE 35396 --- [    Test worker] o.h.type.descriptor.sql.BasicBinder      : binding parameter [1] as [CLOB] - [테스트 상품 상세 설명4]
2023-08-20 13:48:00.421 TRACE 35396 --- [    Test worker] o.h.type.descriptor.sql.BasicBinder      : binding parameter [2] as [VARCHAR] - [테스트 상품4]
2023-08-20 13:48:00.421 TRACE 35396 --- [    Test worker] o.h.type.descriptor.sql.BasicBinder      : binding parameter [3] as [VARCHAR] - [SELL]
2023-08-20 13:48:00.421 TRACE 35396 --- [    Test worker] o.h.type.descriptor.sql.BasicBinder      : binding parameter [4] as [INTEGER] - [10004]
2023-08-20 13:48:00.421 TRACE 35396 --- [    Test worker] o.h.type.descriptor.sql.BasicBinder      : binding parameter [5] as [TIMESTAMP] - [2023-08-20T13:48:00.417893200]
2023-08-20 13:48:00.422 TRACE 35396 --- [    Test worker] o.h.type.descriptor.sql.BasicBinder      : binding parameter [6] as [INTEGER] - [100]
2023-08-20 13:48:00.422 TRACE 35396 --- [    Test worker] o.h.type.descriptor.sql.BasicBinder      : binding parameter [7] as [TIMESTAMP] - [2023-08-20T13:48:00.417893200]
2023-08-20 13:48:00.423 TRACE 35396 --- [    Test worker] o.h.type.descriptor.sql.BasicBinder      : binding parameter [8] as [BIGINT] - [65]
Hibernate: 
    call next value for hibernate_sequence
Hibernate: 
    insert 
    into
        item
        (item_detail, item_nm, item_sell_status, price, reg_time, stock_number, update_time, item_id) 
    values
        (?, ?, ?, ?, ?, ?, ?, ?)
2023-08-20 13:48:00.427 TRACE 35396 --- [    Test worker] o.h.type.descriptor.sql.BasicBinder      : binding parameter [1] as [CLOB] - [테스트 상품 상세 설명5]
2023-08-20 13:48:00.427 TRACE 35396 --- [    Test worker] o.h.type.descriptor.sql.BasicBinder      : binding parameter [2] as [VARCHAR] - [테스트 상품5]
2023-08-20 13:48:00.428 TRACE 35396 --- [    Test worker] o.h.type.descriptor.sql.BasicBinder      : binding parameter [3] as [VARCHAR] - [SELL]
2023-08-20 13:48:00.428 TRACE 35396 --- [    Test worker] o.h.type.descriptor.sql.BasicBinder      : binding parameter [4] as [INTEGER] - [10005]
2023-08-20 13:48:00.428 TRACE 35396 --- [    Test worker] o.h.type.descriptor.sql.BasicBinder      : binding parameter [5] as [TIMESTAMP] - [2023-08-20T13:48:00.424874100]
2023-08-20 13:48:00.428 TRACE 35396 --- [    Test worker] o.h.type.descriptor.sql.BasicBinder      : binding parameter [6] as [INTEGER] - [100]
2023-08-20 13:48:00.428 TRACE 35396 --- [    Test worker] o.h.type.descriptor.sql.BasicBinder      : binding parameter [7] as [TIMESTAMP] - [2023-08-20T13:48:00.424874100]
2023-08-20 13:48:00.429 TRACE 35396 --- [    Test worker] o.h.type.descriptor.sql.BasicBinder      : binding parameter [8] as [BIGINT] - [66]
Hibernate: 
    call next value for hibernate_sequence
Hibernate: 
    insert 
    into
        item
        (item_detail, item_nm, item_sell_status, price, reg_time, stock_number, update_time, item_id) 
    values
        (?, ?, ?, ?, ?, ?, ?, ?)
2023-08-20 13:48:00.434 TRACE 35396 --- [    Test worker] o.h.type.descriptor.sql.BasicBinder      : binding parameter [1] as [CLOB] - [테스트 상품 상세 설명6]
2023-08-20 13:48:00.434 TRACE 35396 --- [    Test worker] o.h.type.descriptor.sql.BasicBinder      : binding parameter [2] as [VARCHAR] - [테스트 상품6]
2023-08-20 13:48:00.435 TRACE 35396 --- [    Test worker] o.h.type.descriptor.sql.BasicBinder      : binding parameter [3] as [VARCHAR] - [SOLD_OUT]
2023-08-20 13:48:00.435 TRACE 35396 --- [    Test worker] o.h.type.descriptor.sql.BasicBinder      : binding parameter [4] as [INTEGER] - [10006]
2023-08-20 13:48:00.435 TRACE 35396 --- [    Test worker] o.h.type.descriptor.sql.BasicBinder      : binding parameter [5] as [TIMESTAMP] - [2023-08-20T13:48:00.431855100]
2023-08-20 13:48:00.435 TRACE 35396 --- [    Test worker] o.h.type.descriptor.sql.BasicBinder      : binding parameter [6] as [INTEGER] - [0]
2023-08-20 13:48:00.435 TRACE 35396 --- [    Test worker] o.h.type.descriptor.sql.BasicBinder      : binding parameter [7] as [TIMESTAMP] - [2023-08-20T13:48:00.431855100]
2023-08-20 13:48:00.435 TRACE 35396 --- [    Test worker] o.h.type.descriptor.sql.BasicBinder      : binding parameter [8] as [BIGINT] - [67]
Hibernate: 
    call next value for hibernate_sequence
Hibernate: 
    insert 
    into
        item
        (item_detail, item_nm, item_sell_status, price, reg_time, stock_number, update_time, item_id) 
    values
        (?, ?, ?, ?, ?, ?, ?, ?)
2023-08-20 13:48:00.439 TRACE 35396 --- [    Test worker] o.h.type.descriptor.sql.BasicBinder      : binding parameter [1] as [CLOB] - [테스트 상품 상세 설명7]
2023-08-20 13:48:00.439 TRACE 35396 --- [    Test worker] o.h.type.descriptor.sql.BasicBinder      : binding parameter [2] as [VARCHAR] - [테스트 상품7]
2023-08-20 13:48:00.439 TRACE 35396 --- [    Test worker] o.h.type.descriptor.sql.BasicBinder      : binding parameter [3] as [VARCHAR] - [SOLD_OUT]
2023-08-20 13:48:00.439 TRACE 35396 --- [    Test worker] o.h.type.descriptor.sql.BasicBinder      : binding parameter [4] as [INTEGER] - [10007]
2023-08-20 13:48:00.439 TRACE 35396 --- [    Test worker] o.h.type.descriptor.sql.BasicBinder      : binding parameter [5] as [TIMESTAMP] - [2023-08-20T13:48:00.437839300]
2023-08-20 13:48:00.440 TRACE 35396 --- [    Test worker] o.h.type.descriptor.sql.BasicBinder      : binding parameter [6] as [INTEGER] - [0]
2023-08-20 13:48:00.440 TRACE 35396 --- [    Test worker] o.h.type.descriptor.sql.BasicBinder      : binding parameter [7] as [TIMESTAMP] - [2023-08-20T13:48:00.437839300]
2023-08-20 13:48:00.440 TRACE 35396 --- [    Test worker] o.h.type.descriptor.sql.BasicBinder      : binding parameter [8] as [BIGINT] - [68]
Hibernate: 
    call next value for hibernate_sequence
Hibernate: 
    insert 
    into
        item
        (item_detail, item_nm, item_sell_status, price, reg_time, stock_number, update_time, item_id) 
    values
        (?, ?, ?, ?, ?, ?, ?, ?)
2023-08-20 13:48:00.443 TRACE 35396 --- [    Test worker] o.h.type.descriptor.sql.BasicBinder      : binding parameter [1] as [CLOB] - [테스트 상품 상세 설명8]
2023-08-20 13:48:00.443 TRACE 35396 --- [    Test worker] o.h.type.descriptor.sql.BasicBinder      : binding parameter [2] as [VARCHAR] - [테스트 상품8]
2023-08-20 13:48:00.443 TRACE 35396 --- [    Test worker] o.h.type.descriptor.sql.BasicBinder      : binding parameter [3] as [VARCHAR] - [SOLD_OUT]
2023-08-20 13:48:00.443 TRACE 35396 --- [    Test worker] o.h.type.descriptor.sql.BasicBinder      : binding parameter [4] as [INTEGER] - [10008]
2023-08-20 13:48:00.445 TRACE 35396 --- [    Test worker] o.h.type.descriptor.sql.BasicBinder      : binding parameter [5] as [TIMESTAMP] - [2023-08-20T13:48:00.441828200]
2023-08-20 13:48:00.445 TRACE 35396 --- [    Test worker] o.h.type.descriptor.sql.BasicBinder      : binding parameter [6] as [INTEGER] - [0]
2023-08-20 13:48:00.446 TRACE 35396 --- [    Test worker] o.h.type.descriptor.sql.BasicBinder      : binding parameter [7] as [TIMESTAMP] - [2023-08-20T13:48:00.441828200]
2023-08-20 13:48:00.446 TRACE 35396 --- [    Test worker] o.h.type.descriptor.sql.BasicBinder      : binding parameter [8] as [BIGINT] - [69]
Hibernate: 
    call next value for hibernate_sequence
Hibernate: 
    insert 
    into
        item
        (item_detail, item_nm, item_sell_status, price, reg_time, stock_number, update_time, item_id) 
    values
        (?, ?, ?, ?, ?, ?, ?, ?)
2023-08-20 13:48:00.451 TRACE 35396 --- [    Test worker] o.h.type.descriptor.sql.BasicBinder      : binding parameter [1] as [CLOB] - [테스트 상품 상세 설명9]
2023-08-20 13:48:00.452 TRACE 35396 --- [    Test worker] o.h.type.descriptor.sql.BasicBinder      : binding parameter [2] as [VARCHAR] - [테스트 상품9]
2023-08-20 13:48:00.452 TRACE 35396 --- [    Test worker] o.h.type.descriptor.sql.BasicBinder      : binding parameter [3] as [VARCHAR] - [SOLD_OUT]
2023-08-20 13:48:00.452 TRACE 35396 --- [    Test worker] o.h.type.descriptor.sql.BasicBinder      : binding parameter [4] as [INTEGER] - [10009]
2023-08-20 13:48:00.453 TRACE 35396 --- [    Test worker] o.h.type.descriptor.sql.BasicBinder      : binding parameter [5] as [TIMESTAMP] - [2023-08-20T13:48:00.447812900]
2023-08-20 13:48:00.456 TRACE 35396 --- [    Test worker] o.h.type.descriptor.sql.BasicBinder      : binding parameter [6] as [INTEGER] - [0]
2023-08-20 13:48:00.463 TRACE 35396 --- [    Test worker] o.h.type.descriptor.sql.BasicBinder      : binding parameter [7] as [TIMESTAMP] - [2023-08-20T13:48:00.447812900]
2023-08-20 13:48:00.464 TRACE 35396 --- [    Test worker] o.h.type.descriptor.sql.BasicBinder      : binding parameter [8] as [BIGINT] - [70]
Hibernate: 
    call next value for hibernate_sequence
Hibernate: 
    insert 
    into
        item
        (item_detail, item_nm, item_sell_status, price, reg_time, stock_number, update_time, item_id) 
    values
        (?, ?, ?, ?, ?, ?, ?, ?)
2023-08-20 13:48:00.468 TRACE 35396 --- [    Test worker] o.h.type.descriptor.sql.BasicBinder      : binding parameter [1] as [CLOB] - [테스트 상품 상세 설명10]
2023-08-20 13:48:00.468 TRACE 35396 --- [    Test worker] o.h.type.descriptor.sql.BasicBinder      : binding parameter [2] as [VARCHAR] - [테스트 상품10]
2023-08-20 13:48:00.469 TRACE 35396 --- [    Test worker] o.h.type.descriptor.sql.BasicBinder      : binding parameter [3] as [VARCHAR] - [SOLD_OUT]
2023-08-20 13:48:00.469 TRACE 35396 --- [    Test worker] o.h.type.descriptor.sql.BasicBinder      : binding parameter [4] as [INTEGER] - [10010]
2023-08-20 13:48:00.469 TRACE 35396 --- [    Test worker] o.h.type.descriptor.sql.BasicBinder      : binding parameter [5] as [TIMESTAMP] - [2023-08-20T13:48:00.466762200]
2023-08-20 13:48:00.469 TRACE 35396 --- [    Test worker] o.h.type.descriptor.sql.BasicBinder      : binding parameter [6] as [INTEGER] - [0]
2023-08-20 13:48:00.470 TRACE 35396 --- [    Test worker] o.h.type.descriptor.sql.BasicBinder      : binding parameter [7] as [TIMESTAMP] - [2023-08-20T13:48:00.466762200]
2023-08-20 13:48:00.470 TRACE 35396 --- [    Test worker] o.h.type.descriptor.sql.BasicBinder      : binding parameter [8] as [BIGINT] - [71]
SELL
Hibernate: 
    select
        item0_.item_id as item_id1_0_,
        item0_.item_detail as item_det2_0_,
        item0_.item_nm as item_nm3_0_,
        item0_.item_sell_status as item_sel4_0_,
        item0_.price as price5_0_,
        item0_.reg_time as reg_time6_0_,
        item0_.stock_number as stock_nu7_0_,
        item0_.update_time as update_t8_0_ 
    from
        item item0_ 
    where
        (
            item0_.item_detail like ? escape '!'
        ) 
        and item0_.price>? 
        and item0_.item_sell_status=? limit ?
2023-08-20 13:48:00.485 TRACE 35396 --- [    Test worker] o.h.type.descriptor.sql.BasicBinder      : binding parameter [1] as [CLOB] - [%테스트 상품 상세 설명%]
2023-08-20 13:48:00.492 TRACE 35396 --- [    Test worker] o.h.type.descriptor.sql.BasicBinder      : binding parameter [2] as [INTEGER] - [10003]
2023-08-20 13:48:00.492 TRACE 35396 --- [    Test worker] o.h.type.descriptor.sql.BasicBinder      : binding parameter [3] as [VARCHAR] - [SELL]
Hibernate: 
    select
        count(item0_.item_id) as col_0_0_ 
    from
        item item0_ 
    where
        (
            item0_.item_detail like ? escape '!'
        ) 
        and item0_.price>? 
        and item0_.item_sell_status=?
2023-08-20 13:48:00.509 TRACE 35396 --- [    Test worker] o.h.type.descriptor.sql.BasicBinder      : binding parameter [1] as [CLOB] - [%테스트 상품 상세 설명%]
2023-08-20 13:48:00.509 TRACE 35396 --- [    Test worker] o.h.type.descriptor.sql.BasicBinder      : binding parameter [2] as [INTEGER] - [10003]
2023-08-20 13:48:00.509 TRACE 35396 --- [    Test worker] o.h.type.descriptor.sql.BasicBinder      : binding parameter [3] as [VARCHAR] - [SELL]
total elements : 44
Item(id=4, itemNm=테스트 상품4, price=10004, stockNumber=100, itemDetail=테스트 상품 상세 설명4, itemSellStatus=SELL, regTime=2023-08-20T13:47:59.150282, updateTime=2023-08-20T13:47:59.150282)
Item(id=5, itemNm=테스트 상품5, price=10005, stockNumber=100, itemDetail=테스트 상품 상세 설명5, itemSellStatus=SELL, regTime=2023-08-20T13:47:59.165242, updateTime=2023-08-20T13:47:59.165242)
Item(id=6, itemNm=테스트 상품6, price=10006, stockNumber=100, itemDetail=테스트 상품 상세 설명6, itemSellStatus=SELL, regTime=2023-08-20T13:47:59.175215, updateTime=2023-08-20T13:47:59.175215)
Item(id=7, itemNm=테스트 상품7, price=10007, stockNumber=100, itemDetail=테스트 상품 상세 설명7, itemSellStatus=SELL, regTime=2023-08-20T13:47:59.187183, updateTime=2023-08-20T13:47:59.187183)
Item(id=8, itemNm=테스트 상품8, price=10008, stockNumber=100, itemDetail=테스트 상품 상세 설명8, itemSellStatus=SELL, regTime=2023-08-20T13:47:59.196159, updateTime=2023-08-20T13:47:59.196159)
]]></system-out>
  <system-err><![CDATA[]]></system-err>
</testsuite>
